Watching for file changes with StatReloader
Performing system checks...

System check identified some issues:

WARNINGS:
?: (urls.W002) Your URL pattern '/collection/<str:uid>/' has a route beginning with a '/'. Remove this slash as it is unnecessary. If this pattern is targeted in an include(), ensure the include() pattern has a trailing '/'.
?: (urls.W002) Your URL pattern '/collection/<str:uid>/' has a route beginning with a '/'. Remove this slash as it is unnecessary. If this pattern is targeted in an include(), ensure the include() pattern has a trailing '/'.

System check identified 2 issues (0 silenced).
September 24, 2020 - 14:03:45
Django version 3.0.7, using settings 'omgbadges.settings.development'
Starting development server at http://127.0.0.1:8000/
Quit the server with CONTROL-C.
Not Found: /
[24/Sep/2020 14:03:46] "GET / HTTP/1.0" 404 2381
[24/Sep/2020 14:04:26] "GET /admin HTTP/1.0" 301 0
[24/Sep/2020 14:04:30] "GET /admin HTTP/1.0" 301 0
[24/Sep/2020 14:04:46] "GET /admin/ HTTP/1.0" 302 0
[24/Sep/2020 14:04:51] "GET /admin/ HTTP/1.0" 302 0
[24/Sep/2020 14:05:24] "GET /admin HTTP/1.0" 301 0
[24/Sep/2020 14:05:30] "GET /admin/ HTTP/1.0" 302 0
[24/Sep/2020 14:05:58] "GET /admin/login/?next=/admin/ HTTP/1.0" 200 1917
[24/Sep/2020 14:05:59] "GET /static/admin/css/login.css HTTP/1.0" 200 1233
Not Found: /
[24/Sep/2020 14:06:06] "GET / HTTP/1.0" 404 2381
Not Found: /
[24/Sep/2020 14:06:08] "GET / HTTP/1.0" 404 2381
[24/Sep/2020 14:06:34] "GET /admin/login/?next=/admin/ HTTP/1.0" 200 1917
Not Found: /favicon.ico
[24/Sep/2020 14:06:38] "GET /favicon.ico HTTP/1.0" 404 2432
[24/Sep/2020 14:07:13] "GET /admin/login/?next=/admin/ HTTP/1.0" 200 1917
[24/Sep/2020 14:07:13] "POST /admin/login/?next=/admin/ HTTP/1.0" 200 2077
[24/Sep/2020 14:07:13] "POST /admin/login/?next=/admin/ HTTP/1.0" 200 2077
Not Found: /
[24/Sep/2020 14:14:22] "HEAD / HTTP/1.0" 404 2382
Watching for file changes with StatReloader
Performing system checks...

System check identified some issues:

WARNINGS:
?: (urls.W002) Your URL pattern '/collection/<str:uid>/' has a route beginning with a '/'. Remove this slash as it is unnecessary. If this pattern is targeted in an include(), ensure the include() pattern has a trailing '/'.
?: (urls.W002) Your URL pattern '/collection/<str:uid>/' has a route beginning with a '/'. Remove this slash as it is unnecessary. If this pattern is targeted in an include(), ensure the include() pattern has a trailing '/'.

System check identified 2 issues (0 silenced).
September 24, 2020 - 14:16:40
Django version 3.0.7, using settings 'omgbadges.settings.development'
Starting development server at http://127.0.0.1:8000/
Quit the server with CONTROL-C.
Not Found: /
[24/Sep/2020 14:16:42] "GET / HTTP/1.0" 404 2381
[24/Sep/2020 14:17:08] "OPTIONS /api/auth/convert-token HTTP/1.0" 200 0
Bad Request: /api/auth/convert-token
[24/Sep/2020 14:17:08] "POST /api/auth/convert-token HTTP/1.0" 400 84
[24/Sep/2020 14:18:06] "GET /admin HTTP/1.0" 301 0
[24/Sep/2020 14:18:06] "GET /admin/ HTTP/1.0" 302 0
[24/Sep/2020 14:18:06] "GET /admin/login/?next=/admin/ HTTP/1.0" 200 1917
[24/Sep/2020 14:18:11] "POST /admin/login/?next=/admin/ HTTP/1.0" 302 0
[24/Sep/2020 14:18:11] "GET /admin/ HTTP/1.0" 200 7525
[24/Sep/2020 14:18:16] "GET /admin/oauth2_provider/application/add/ HTTP/1.0" 200 9373
[24/Sep/2020 14:18:16] "GET /admin/jsi18n/ HTTP/1.0" 200 3223
[24/Sep/2020 14:18:16] "GET /static/admin/css/forms.css HTTP/1.0" 200 8518
[24/Sep/2020 14:18:16] "GET /static/admin/js/jquery.init.js HTTP/1.0" 200 363
[24/Sep/2020 14:18:16] "GET /static/admin/js/vendor/jquery/jquery.js HTTP/1.0" 200 287630
[24/Sep/2020 14:18:16] "GET /static/admin/js/prepopulate.js HTTP/1.0" 200 1530
[24/Sep/2020 14:18:16] "GET /static/admin/js/core.js HTTP/1.0" 200 5723
[24/Sep/2020 14:18:16] "GET /static/admin/js/change_form.js HTTP/1.0" 200 712
[24/Sep/2020 14:18:16] "GET /static/admin/js/admin/RelatedObjectLookups.js HTTP/1.0" 200 6918
[24/Sep/2020 14:18:16] "GET /static/admin/js/urlify.js HTTP/1.0" 200 8941
[24/Sep/2020 14:18:16] "GET /static/admin/js/prepopulate_init.js HTTP/1.0" 200 495
[24/Sep/2020 14:18:16] "GET /static/admin/js/actions.js HTTP/1.0" 200 6766
[24/Sep/2020 14:18:16] "GET /static/admin/js/vendor/xregexp/xregexp.js HTTP/1.0" 200 128820
[24/Sep/2020 14:18:16] "GET /static/admin/css/widgets.css HTTP/1.0" 200 10322
[24/Sep/2020 14:18:17] "GET /static/admin/img/search.svg HTTP/1.0" 200 458
[24/Sep/2020 14:18:31] "POST /admin/oauth2_provider/application/add/ HTTP/1.0" 302 0
[24/Sep/2020 14:18:31] "GET /admin/oauth2_provider/application/ HTTP/1.0" 200 6781
[24/Sep/2020 14:18:32] "GET /static/admin/css/changelists.css HTTP/1.0" 200 6190
[24/Sep/2020 14:18:32] "GET /admin/jsi18n/ HTTP/1.0" 200 3223
[24/Sep/2020 14:18:32] "GET /static/admin/img/tooltag-add.svg HTTP/1.0" 200 331
[24/Sep/2020 14:18:32] "GET /static/admin/img/icon-yes.svg HTTP/1.0" 200 436
[24/Sep/2020 14:19:11] "OPTIONS /api/auth/convert-token HTTP/1.0" 200 0
[24/Sep/2020 14:19:33] "POST /api/auth/convert-token HTTP/1.0" 200 160
[24/Sep/2020 14:20:34] "OPTIONS /api/auth/convert-token HTTP/1.0" 200 0
[24/Sep/2020 14:20:43] "POST /api/auth/convert-token HTTP/1.0" 200 160
[24/Sep/2020 14:21:52] "OPTIONS /api/auth/convert-token HTTP/1.0" 200 0
[24/Sep/2020 14:21:58] "POST /api/auth/convert-token HTTP/1.0" 200 160
[24/Sep/2020 14:22:37] "OPTIONS /api/auth/convert-token HTTP/1.0" 200 0
[24/Sep/2020 14:22:39] "POST /api/auth/convert-token HTTP/1.0" 200 160
Not Found: /
[24/Sep/2020 14:27:26] "GET / HTTP/1.0" 404 2381
[24/Sep/2020 14:40:15] "OPTIONS /api/auth/convert-token HTTP/1.0" 200 0
[24/Sep/2020 14:40:16] "POST /api/auth/convert-token HTTP/1.0" 200 160
[24/Sep/2020 14:40:52] "OPTIONS /api/auth/convert-token HTTP/1.0" 200 0
[24/Sep/2020 14:40:53] "POST /api/auth/convert-token HTTP/1.0" 200 160
[24/Sep/2020 14:42:17] "OPTIONS /api/auth/convert-token HTTP/1.0" 200 0
[24/Sep/2020 14:42:17] "POST /api/auth/convert-token HTTP/1.0" 200 160
[24/Sep/2020 14:42:57] "OPTIONS /api/auth/convert-token HTTP/1.0" 200 0
[24/Sep/2020 14:42:58] "POST /api/auth/convert-token HTTP/1.0" 200 160
[24/Sep/2020 14:44:06] "OPTIONS /api/auth/convert-token HTTP/1.0" 200 0
[24/Sep/2020 14:44:06] "POST /api/auth/convert-token HTTP/1.0" 200 160
[24/Sep/2020 14:57:09] "OPTIONS /api/auth/convert-token HTTP/1.0" 200 0
[24/Sep/2020 14:57:09] "POST /api/auth/convert-token HTTP/1.0" 200 160
[24/Sep/2020 14:57:43] "OPTIONS /api/auth/convert-token HTTP/1.0" 200 0
[24/Sep/2020 14:57:43] "POST /api/auth/convert-token HTTP/1.0" 200 160
[24/Sep/2020 15:03:24] "OPTIONS /api/auth/convert-token HTTP/1.0" 200 0
[24/Sep/2020 15:03:24] "POST /api/auth/convert-token HTTP/1.0" 200 160
[24/Sep/2020 15:04:35] "OPTIONS /api/auth/convert-token HTTP/1.0" 200 0
[24/Sep/2020 15:04:35] "POST /api/auth/convert-token HTTP/1.0" 200 160
Not Found: /portal/redlion
[24/Sep/2020 15:04:37] "GET /portal/redlion HTTP/1.0" 404 2441
[24/Sep/2020 15:11:51] "OPTIONS /api/auth/convert-token HTTP/1.0" 200 0
[24/Sep/2020 15:11:51] "POST /api/auth/convert-token HTTP/1.0" 200 160
[24/Sep/2020 15:11:53] "OPTIONS /api/session HTTP/1.0" 200 0
Not Found: /api/session
[24/Sep/2020 15:11:53] "GET /api/session HTTP/1.0" 404 2432
[24/Sep/2020 15:12:15] "OPTIONS /api/sessions HTTP/1.0" 200 0
Unauthorized: /api/sessions
[24/Sep/2020 15:12:15] "GET /api/sessions HTTP/1.0" 401 58
[24/Sep/2020 15:12:54] "OPTIONS /api/sessions HTTP/1.0" 200 0
Unauthorized: /api/sessions
[24/Sep/2020 15:12:54] "GET /api/sessions HTTP/1.0" 401 58
[24/Sep/2020 15:13:09] "OPTIONS /api/sessions HTTP/1.0" 200 0
Unauthorized: /api/sessions
[24/Sep/2020 15:13:10] "GET /api/sessions HTTP/1.0" 401 58
[24/Sep/2020 15:14:20] "OPTIONS /api/auth/convert-token HTTP/1.0" 200 0
[24/Sep/2020 15:14:20] "POST /api/auth/convert-token HTTP/1.0" 200 160
[24/Sep/2020 15:14:24] "OPTIONS /api/sessions HTTP/1.0" 200 0
[24/Sep/2020 15:14:25] "GET /api/sessions HTTP/1.0" 200 61
[24/Sep/2020 15:14:47] "OPTIONS /api/badsessions HTTP/1.0" 200 0
Not Found: /api/badsessions
[24/Sep/2020 15:14:47] "GET /api/badsessions HTTP/1.0" 404 2444
[24/Sep/2020 15:15:12] "OPTIONS /api/badge HTTP/1.0" 200 0
Not Found: /api/badge
[24/Sep/2020 15:15:12] "GET /api/badge HTTP/1.0" 404 2426
[24/Sep/2020 15:16:03] "OPTIONS /api/badge HTTP/1.0" 200 0
Not Found: /api/badge
[24/Sep/2020 15:16:04] "GET /api/badge HTTP/1.0" 404 2426
[24/Sep/2020 15:16:32] "OPTIONS /api/badge HTTP/1.0" 200 0
Not Found: /api/badge
[24/Sep/2020 15:16:32] "GET /api/badge HTTP/1.0" 404 2426
[24/Sep/2020 15:16:52] "OPTIONS /api/badge HTTP/1.0" 200 0
Not Found: /api/badge
[24/Sep/2020 15:16:53] "GET /api/badge HTTP/1.0" 404 2426
[24/Sep/2020 15:16:58] "OPTIONS /api/badge HTTP/1.0" 200 0
Not Found: /api/badge
[24/Sep/2020 15:16:58] "GET /api/badge HTTP/1.0" 404 2426
[24/Sep/2020 15:17:06] "OPTIONS /api/badge HTTP/1.0" 200 0
Not Found: /api/badge
[24/Sep/2020 15:17:06] "GET /api/badge HTTP/1.0" 404 2426
[24/Sep/2020 15:17:10] "OPTIONS /api/badge HTTP/1.0" 200 0
Not Found: /api/badge
[24/Sep/2020 15:17:10] "GET /api/badge HTTP/1.0" 404 2426
[24/Sep/2020 15:17:15] "OPTIONS /api/badge HTTP/1.0" 200 0
Not Found: /api/badge
[24/Sep/2020 15:17:15] "GET /api/badge HTTP/1.0" 404 2426
[24/Sep/2020 15:17:22] "OPTIONS /api/badge HTTP/1.0" 200 0
Not Found: /api/badge
[24/Sep/2020 15:17:22] "GET /api/badge HTTP/1.0" 404 2426
[24/Sep/2020 15:17:34] "OPTIONS /api/badges/collection HTTP/1.0" 200 0
Not Found: /api/badges/collection
[24/Sep/2020 15:17:34] "GET /api/badges/collection HTTP/1.0" 404 2694
[24/Sep/2020 15:17:45] "OPTIONS /api/badges/collection/function%20setItem()%20{%20[native%20code]%20} HTTP/1.0" 200 0
[24/Sep/2020 15:17:45] "GET /api/badges/collection/function%20setItem()%20{%20[native%20code]%20} HTTP/1.0" 301 0
[24/Sep/2020 15:17:46] "OPTIONS /api/badges/collection/function%20setItem()%20{%20[native%20code]%20}/ HTTP/1.0" 200 0
Internal Server Error: /api/badges/collection/function setItem() { [native code] }/
Traceback (most recent call last):
  File "/root/.local/share/virtualenvs/omg-badges-lvNWWO3C/lib/python3.8/site-packages/django/db/models/fields/__init__.py", line 2313, in to_python
    return uuid.UUID(**{input_form: value})
  File "/usr/lib/python3.8/uuid.py", line 169, in __init__
    raise ValueError('badly formed hexadecimal UUID string')
ValueError: badly formed hexadecimal UUID string

During handling of the above exception, another exception occurred:

Traceback (most recent call last):
  File "/root/.local/share/virtualenvs/omg-badges-lvNWWO3C/lib/python3.8/site-packages/django/core/handlers/exception.py", line 34, in inner
    response = get_response(request)
  File "/root/.local/share/virtualenvs/omg-badges-lvNWWO3C/lib/python3.8/site-packages/django/core/handlers/base.py", line 115, in _get_response
    response = self.process_exception_by_middleware(e, request)
  File "/root/.local/share/virtualenvs/omg-badges-lvNWWO3C/lib/python3.8/site-packages/django/core/handlers/base.py", line 113, in _get_response
    response = wrapped_callback(request, *callback_args, **callback_kwargs)
  File "/root/.local/share/virtualenvs/omg-badges-lvNWWO3C/lib/python3.8/site-packages/django/views/decorators/csrf.py", line 54, in wrapped_view
    return view_func(*args, **kwargs)
  File "/root/.local/share/virtualenvs/omg-badges-lvNWWO3C/lib/python3.8/site-packages/django/views/generic/base.py", line 71, in view
    return self.dispatch(request, *args, **kwargs)
  File "/root/.local/share/virtualenvs/omg-badges-lvNWWO3C/lib/python3.8/site-packages/rest_framework/views.py", line 505, in dispatch
    response = self.handle_exception(exc)
  File "/root/.local/share/virtualenvs/omg-badges-lvNWWO3C/lib/python3.8/site-packages/rest_framework/views.py", line 465, in handle_exception
    self.raise_uncaught_exception(exc)
  File "/root/.local/share/virtualenvs/omg-badges-lvNWWO3C/lib/python3.8/site-packages/rest_framework/views.py", line 476, in raise_uncaught_exception
    raise exc
  File "/root/.local/share/virtualenvs/omg-badges-lvNWWO3C/lib/python3.8/site-packages/rest_framework/views.py", line 502, in dispatch
    response = handler(request, *args, **kwargs)
  File "/home/omg-badges/badges/views.py", line 105, in get
    obj = get_object_or_404(Profile, pk=uid)
  File "/root/.local/share/virtualenvs/omg-badges-lvNWWO3C/lib/python3.8/site-packages/django/shortcuts.py", line 76, in get_object_or_404
    return queryset.get(*args, **kwargs)
  File "/root/.local/share/virtualenvs/omg-badges-lvNWWO3C/lib/python3.8/site-packages/django/db/models/query.py", line 404, in get
    clone = self._chain() if self.query.combinator else self.filter(*args, **kwargs)
  File "/root/.local/share/virtualenvs/omg-badges-lvNWWO3C/lib/python3.8/site-packages/django/db/models/query.py", line 904, in filter
    return self._filter_or_exclude(False, *args, **kwargs)
  File "/root/.local/share/virtualenvs/omg-badges-lvNWWO3C/lib/python3.8/site-packages/django/db/models/query.py", line 923, in _filter_or_exclude
    clone.query.add_q(Q(*args, **kwargs))
  File "/root/.local/share/virtualenvs/omg-badges-lvNWWO3C/lib/python3.8/site-packages/django/db/models/sql/query.py", line 1351, in add_q
    clause, _ = self._add_q(q_object, self.used_aliases)
  File "/root/.local/share/virtualenvs/omg-badges-lvNWWO3C/lib/python3.8/site-packages/django/db/models/sql/query.py", line 1378, in _add_q
    child_clause, needed_inner = self.build_filter(
  File "/root/.local/share/virtualenvs/omg-badges-lvNWWO3C/lib/python3.8/site-packages/django/db/models/sql/query.py", line 1312, in build_filter
    condition = self.build_lookup(lookups, col, value)
  File "/root/.local/share/virtualenvs/omg-badges-lvNWWO3C/lib/python3.8/site-packages/django/db/models/sql/query.py", line 1166, in build_lookup
    lookup = lookup_class(lhs, rhs)
  File "/root/.local/share/virtualenvs/omg-badges-lvNWWO3C/lib/python3.8/site-packages/django/db/models/lookups.py", line 22, in __init__
    self.rhs = self.get_prep_lookup()
  File "/root/.local/share/virtualenvs/omg-badges-lvNWWO3C/lib/python3.8/site-packages/django/db/models/lookups.py", line 72, in get_prep_lookup
    return self.lhs.output_field.get_prep_value(self.rhs)
  File "/root/.local/share/virtualenvs/omg-badges-lvNWWO3C/lib/python3.8/site-packages/django/db/models/fields/__init__.py", line 2297, in get_prep_value
    return self.to_python(value)
  File "/root/.local/share/virtualenvs/omg-badges-lvNWWO3C/lib/python3.8/site-packages/django/db/models/fields/__init__.py", line 2315, in to_python
    raise exceptions.ValidationError(
django.core.exceptions.ValidationError: ['“function setItem() { [native code] }” is not a valid UUID.']
[24/Sep/2020 15:17:46] "GET /api/badges/collection/function%20setItem()%20{%20[native%20code]%20}/ HTTP/1.0" 500 21566
[24/Sep/2020 15:17:52] "OPTIONS /api/badges/collection/null HTTP/1.0" 200 0
[24/Sep/2020 15:17:52] "GET /api/badges/collection/null HTTP/1.0" 301 0
[24/Sep/2020 15:17:52] "OPTIONS /api/badges/collection/null/ HTTP/1.0" 200 0
Internal Server Error: /api/badges/collection/null/
Traceback (most recent call last):
  File "/root/.local/share/virtualenvs/omg-badges-lvNWWO3C/lib/python3.8/site-packages/django/db/models/fields/__init__.py", line 2313, in to_python
    return uuid.UUID(**{input_form: value})
  File "/usr/lib/python3.8/uuid.py", line 169, in __init__
    raise ValueError('badly formed hexadecimal UUID string')
ValueError: badly formed hexadecimal UUID string

During handling of the above exception, another exception occurred:

Traceback (most recent call last):
  File "/root/.local/share/virtualenvs/omg-badges-lvNWWO3C/lib/python3.8/site-packages/django/core/handlers/exception.py", line 34, in inner
    response = get_response(request)
  File "/root/.local/share/virtualenvs/omg-badges-lvNWWO3C/lib/python3.8/site-packages/django/core/handlers/base.py", line 115, in _get_response
    response = self.process_exception_by_middleware(e, request)
  File "/root/.local/share/virtualenvs/omg-badges-lvNWWO3C/lib/python3.8/site-packages/django/core/handlers/base.py", line 113, in _get_response
    response = wrapped_callback(request, *callback_args, **callback_kwargs)
  File "/root/.local/share/virtualenvs/omg-badges-lvNWWO3C/lib/python3.8/site-packages/django/views/decorators/csrf.py", line 54, in wrapped_view
    return view_func(*args, **kwargs)
  File "/root/.local/share/virtualenvs/omg-badges-lvNWWO3C/lib/python3.8/site-packages/django/views/generic/base.py", line 71, in view
    return self.dispatch(request, *args, **kwargs)
  File "/root/.local/share/virtualenvs/omg-badges-lvNWWO3C/lib/python3.8/site-packages/rest_framework/views.py", line 505, in dispatch
    response = self.handle_exception(exc)
  File "/root/.local/share/virtualenvs/omg-badges-lvNWWO3C/lib/python3.8/site-packages/rest_framework/views.py", line 465, in handle_exception
    self.raise_uncaught_exception(exc)
  File "/root/.local/share/virtualenvs/omg-badges-lvNWWO3C/lib/python3.8/site-packages/rest_framework/views.py", line 476, in raise_uncaught_exception
    raise exc
  File "/root/.local/share/virtualenvs/omg-badges-lvNWWO3C/lib/python3.8/site-packages/rest_framework/views.py", line 502, in dispatch
    response = handler(request, *args, **kwargs)
  File "/home/omg-badges/badges/views.py", line 105, in get
    obj = get_object_or_404(Profile, pk=uid)
  File "/root/.local/share/virtualenvs/omg-badges-lvNWWO3C/lib/python3.8/site-packages/django/shortcuts.py", line 76, in get_object_or_404
    return queryset.get(*args, **kwargs)
  File "/root/.local/share/virtualenvs/omg-badges-lvNWWO3C/lib/python3.8/site-packages/django/db/models/query.py", line 404, in get
    clone = self._chain() if self.query.combinator else self.filter(*args, **kwargs)
  File "/root/.local/share/virtualenvs/omg-badges-lvNWWO3C/lib/python3.8/site-packages/django/db/models/query.py", line 904, in filter
    return self._filter_or_exclude(False, *args, **kwargs)
  File "/root/.local/share/virtualenvs/omg-badges-lvNWWO3C/lib/python3.8/site-packages/django/db/models/query.py", line 923, in _filter_or_exclude
    clone.query.add_q(Q(*args, **kwargs))
  File "/root/.local/share/virtualenvs/omg-badges-lvNWWO3C/lib/python3.8/site-packages/django/db/models/sql/query.py", line 1351, in add_q
    clause, _ = self._add_q(q_object, self.used_aliases)
  File "/root/.local/share/virtualenvs/omg-badges-lvNWWO3C/lib/python3.8/site-packages/django/db/models/sql/query.py", line 1378, in _add_q
    child_clause, needed_inner = self.build_filter(
  File "/root/.local/share/virtualenvs/omg-badges-lvNWWO3C/lib/python3.8/site-packages/django/db/models/sql/query.py", line 1312, in build_filter
    condition = self.build_lookup(lookups, col, value)
  File "/root/.local/share/virtualenvs/omg-badges-lvNWWO3C/lib/python3.8/site-packages/django/db/models/sql/query.py", line 1166, in build_lookup
    lookup = lookup_class(lhs, rhs)
  File "/root/.local/share/virtualenvs/omg-badges-lvNWWO3C/lib/python3.8/site-packages/django/db/models/lookups.py", line 22, in __init__
    self.rhs = self.get_prep_lookup()
  File "/root/.local/share/virtualenvs/omg-badges-lvNWWO3C/lib/python3.8/site-packages/django/db/models/lookups.py", line 72, in get_prep_lookup
    return self.lhs.output_field.get_prep_value(self.rhs)
  File "/root/.local/share/virtualenvs/omg-badges-lvNWWO3C/lib/python3.8/site-packages/django/db/models/fields/__init__.py", line 2297, in get_prep_value
    return self.to_python(value)
  File "/root/.local/share/virtualenvs/omg-badges-lvNWWO3C/lib/python3.8/site-packages/django/db/models/fields/__init__.py", line 2315, in to_python
    raise exceptions.ValidationError(
django.core.exceptions.ValidationError: ['“null” is not a valid UUID.']
[24/Sep/2020 15:17:52] "GET /api/badges/collection/null/ HTTP/1.0" 500 21356
[24/Sep/2020 15:18:56] "OPTIONS /api/auth/convert-token HTTP/1.0" 200 0
[24/Sep/2020 15:18:56] "POST /api/auth/convert-token HTTP/1.0" 200 160
[24/Sep/2020 15:18:56] "OPTIONS /api/sessions HTTP/1.0" 200 0
[24/Sep/2020 15:18:56] "GET /api/sessions HTTP/1.0" 200 61
[24/Sep/2020 15:19:12] "GET /api/badges/collection/7f06b0b0-d8c9-45f0-8577-616b61b8629e HTTP/1.0" 301 0
Not Found: /api/badges/collection/7f06b0b0-d8c9-45f0-8577-616b61b8629e/
[24/Sep/2020 15:19:12] "GET /api/badges/collection/7f06b0b0-d8c9-45f0-8577-616b61b8629e/ HTTP/1.0" 404 31
[24/Sep/2020 15:20:22] "OPTIONS /api/auth/convert-token HTTP/1.0" 200 0
[24/Sep/2020 15:20:22] "POST /api/auth/convert-token HTTP/1.0" 200 160
[24/Sep/2020 15:20:22] "OPTIONS /api/sessions HTTP/1.0" 200 0
[24/Sep/2020 15:20:22] "GET /api/sessions HTTP/1.0" 200 61
[24/Sep/2020 15:20:24] "GET /api/badges/collection/7f06b0b0-d8c9-45f0-8577-616b61b8629e HTTP/1.0" 301 0
Not Found: /api/badges/collection/7f06b0b0-d8c9-45f0-8577-616b61b8629e/
[24/Sep/2020 15:20:24] "GET /api/badges/collection/7f06b0b0-d8c9-45f0-8577-616b61b8629e/ HTTP/1.0" 404 31
Not Found: /
[24/Sep/2020 15:20:51] "GET / HTTP/1.0" 404 2381
[24/Sep/2020 15:20:58] "GET /api/badges/collection/7f06b0b0-d8c9-45f0-8577-616b61b8629e HTTP/1.0" 301 0
Not Found: /api/badges/collection/7f06b0b0-d8c9-45f0-8577-616b61b8629e/
[24/Sep/2020 15:20:58] "GET /api/badges/collection/7f06b0b0-d8c9-45f0-8577-616b61b8629e/ HTTP/1.0" 404 5867
[24/Sep/2020 15:20:58] "GET /static/rest_framework/css/bootstrap.min.css HTTP/1.0" 200 121457
[24/Sep/2020 15:20:58] "GET /static/rest_framework/css/bootstrap-tweaks.css HTTP/1.0" 200 3385
[24/Sep/2020 15:20:58] "GET /static/rest_framework/css/prettify.css HTTP/1.0" 200 817
[24/Sep/2020 15:20:58] "GET /static/rest_framework/js/jquery-3.4.1.min.js HTTP/1.0" 200 88145
[24/Sep/2020 15:20:58] "GET /static/rest_framework/css/default.css HTTP/1.0" 200 1131
[24/Sep/2020 15:20:58] "GET /static/rest_framework/js/ajax-form.js HTTP/1.0" 200 3597
[24/Sep/2020 15:20:58] "GET /static/rest_framework/js/csrf.js HTTP/1.0" 200 1719
[24/Sep/2020 15:20:58] "GET /static/rest_framework/js/bootstrap.min.js HTTP/1.0" 200 39680
[24/Sep/2020 15:20:58] "GET /static/rest_framework/js/prettify-min.js HTTP/1.0" 200 13632
[24/Sep/2020 15:20:58] "GET /static/rest_framework/js/default.js HTTP/1.0" 200 1268
[24/Sep/2020 15:20:59] "GET /static/rest_framework/img/grid.png HTTP/1.0" 200 1458
Not Found: /favicon.ico
[24/Sep/2020 15:20:59] "GET /favicon.ico HTTP/1.0" 404 2432
[24/Sep/2020 15:21:36] "GET /admin/ HTTP/1.0" 200 7869
[24/Sep/2020 15:21:38] "GET /admin/auth/user/ HTTP/1.0" 200 7041
[24/Sep/2020 15:21:39] "GET /admin/jsi18n/ HTTP/1.0" 200 3223
[24/Sep/2020 15:21:39] "GET /static/admin/img/icon-no.svg HTTP/1.0" 200 560
[24/Sep/2020 15:21:39] "GET /static/admin/img/sorting-icons.svg HTTP/1.0" 200 1097
[24/Sep/2020 15:21:43] "GET /admin/auth/user/2/change/ HTTP/1.0" 200 18520
[24/Sep/2020 15:21:43] "GET /static/admin/js/calendar.js HTTP/1.0" 200 7777
[24/Sep/2020 15:21:43] "GET /static/admin/js/admin/DateTimeShortcuts.js HTTP/1.0" 200 20232
[24/Sep/2020 15:21:43] "GET /static/admin/js/SelectBox.js HTTP/1.0" 200 5753
[24/Sep/2020 15:21:43] "GET /static/admin/js/SelectFilter2.js HTTP/1.0" 200 12318
[24/Sep/2020 15:21:43] "GET /admin/jsi18n/ HTTP/1.0" 200 3223
[24/Sep/2020 15:21:44] "GET /static/admin/img/icon-calendar.svg HTTP/1.0" 200 1086
[24/Sep/2020 15:21:44] "GET /static/admin/img/icon-unknown-alt.svg HTTP/1.0" 200 655
[24/Sep/2020 15:21:44] "GET /static/admin/img/icon-unknown.svg HTTP/1.0" 200 655
[24/Sep/2020 15:21:44] "GET /static/admin/img/selector-icons.svg HTTP/1.0" 200 3291
[24/Sep/2020 15:21:44] "GET /static/admin/img/icon-clock.svg HTTP/1.0" 200 677
[24/Sep/2020 15:21:53] "GET /admin/auth/user/2/delete/ HTTP/1.0" 200 7564
[24/Sep/2020 15:21:53] "GET /static/admin/js/cancel.js HTTP/1.0" 200 409
Not Found: /api/badges/collection/7f06b0b0-d8c9-45f0-8577-616b61b8629e/
[24/Sep/2020 15:22:06] "GET /api/badges/collection/7f06b0b0-d8c9-45f0-8577-616b61b8629e/ HTTP/1.0" 404 5867
[24/Sep/2020 15:22:13] "POST /admin/auth/user/2/delete/ HTTP/1.0" 302 0
[24/Sep/2020 15:22:13] "GET /admin/auth/user/ HTTP/1.0" 200 6753
[24/Sep/2020 15:22:14] "GET /admin/jsi18n/ HTTP/1.0" 200 3223
[24/Sep/2020 15:22:58] "OPTIONS /api/auth/convert-token HTTP/1.0" 200 0
[24/Sep/2020 15:22:59] "POST /api/auth/convert-token HTTP/1.0" 200 160
[24/Sep/2020 15:22:59] "OPTIONS /api/sessions HTTP/1.0" 200 0
[24/Sep/2020 15:22:59] "GET /api/sessions HTTP/1.0" 200 61
[24/Sep/2020 15:23:00] "GET /api/badges/collection/c7e2a87b-83ac-4b8f-822d-cf2bc5bacd48 HTTP/1.0" 301 0
Not Found: /api/badges/collection/c7e2a87b-83ac-4b8f-822d-cf2bc5bacd48/
[24/Sep/2020 15:23:00] "GET /api/badges/collection/c7e2a87b-83ac-4b8f-822d-cf2bc5bacd48/ HTTP/1.0" 404 31
[24/Sep/2020 15:24:58] "GET /api/badges/collection/c7e2a87b-83ac-4b8f-822d-cf2bc5bacd48 HTTP/1.0" 301 0
Not Found: /api/badges/collection/c7e2a87b-83ac-4b8f-822d-cf2bc5bacd48/
[24/Sep/2020 15:24:59] "GET /api/badges/collection/c7e2a87b-83ac-4b8f-822d-cf2bc5bacd48/ HTTP/1.0" 404 31
[24/Sep/2020 15:25:23] "GET /api/badges/collection/c7e2a87b-83ac-4b8f-822d-cf2bc5bacd48 HTTP/1.0" 301 0
Not Found: /api/badges/collection/c7e2a87b-83ac-4b8f-822d-cf2bc5bacd48/
[24/Sep/2020 15:25:24] "GET /api/badges/collection/c7e2a87b-83ac-4b8f-822d-cf2bc5bacd48/ HTTP/1.0" 404 31
[24/Sep/2020 15:25:48] "OPTIONS /api/auth/convert-token HTTP/1.0" 200 0
[24/Sep/2020 15:25:48] "POST /api/auth/convert-token HTTP/1.0" 200 160
[24/Sep/2020 15:25:49] "OPTIONS /api/sessions HTTP/1.0" 200 0
[24/Sep/2020 15:25:49] "GET /api/sessions HTTP/1.0" 200 61
[24/Sep/2020 15:26:28] "GET /api/sessions HTTP/1.0" 200 61
[24/Sep/2020 15:26:49] "GET /api/badges/collection/c7e2a87b-83ac-4b8f-822d-cf2bc5bacd48 HTTP/1.0" 301 0
Not Found: /api/badges/collection/c7e2a87b-83ac-4b8f-822d-cf2bc5bacd48/
[24/Sep/2020 15:26:49] "GET /api/badges/collection/c7e2a87b-83ac-4b8f-822d-cf2bc5bacd48/ HTTP/1.0" 404 31
Not Found: /api/badges/collections/c7e2a87b-83ac-4b8f-822d-cf2bc5bacd48
[24/Sep/2020 15:26:53] "GET /api/badges/collections/c7e2a87b-83ac-4b8f-822d-cf2bc5bacd48 HTTP/1.0" 404 2808
[24/Sep/2020 15:27:17] "GET /api/badges/collection/c7e2a87b-83ac-4b8f-822d-cf2bc5bacd48 HTTP/1.0" 301 0
Not Found: /api/badges/collection/c7e2a87b-83ac-4b8f-822d-cf2bc5bacd48/
[24/Sep/2020 15:27:17] "GET /api/badges/collection/c7e2a87b-83ac-4b8f-822d-cf2bc5bacd48/ HTTP/1.0" 404 31
Internal Server Error: /api/badges/collection/c7e2a87b-83ac-4b8f-822d-cf2bc5bacd48
Traceback (most recent call last):
  File "/root/.local/share/virtualenvs/omg-badges-lvNWWO3C/lib/python3.8/site-packages/django/core/handlers/exception.py", line 34, in inner
    response = get_response(request)
  File "/root/.local/share/virtualenvs/omg-badges-lvNWWO3C/lib/python3.8/site-packages/django/utils/deprecation.py", line 93, in __call__
    response = self.process_request(request)
  File "/root/.local/share/virtualenvs/omg-badges-lvNWWO3C/lib/python3.8/site-packages/django/middleware/common.py", line 54, in process_request
    path = self.get_full_path_with_slash(request)
  File "/root/.local/share/virtualenvs/omg-badges-lvNWWO3C/lib/python3.8/site-packages/django/middleware/common.py", line 87, in get_full_path_with_slash
    raise RuntimeError(
RuntimeError: You called this URL via POST, but the URL doesn't end in a slash and you have APPEND_SLASH set. Django can't redirect to the slash URL while maintaining POST data. Change your form to point to localhost:8000/api/badges/collection/c7e2a87b-83ac-4b8f-822d-cf2bc5bacd48/ (note the trailing slash), or set APPEND_SLASH=False in your Django settings.
[24/Sep/2020 15:27:41] "POST /api/badges/collection/c7e2a87b-83ac-4b8f-822d-cf2bc5bacd48 HTTP/1.0" 500 71290
[24/Sep/2020 15:27:48] "GET /api/badges/collection/c7e2a87b-83ac-4b8f-822d-cf2bc5bacd48 HTTP/1.0" 301 0
Not Found: /api/badges/collection/c7e2a87b-83ac-4b8f-822d-cf2bc5bacd48/
[24/Sep/2020 15:27:48] "GET /api/badges/collection/c7e2a87b-83ac-4b8f-822d-cf2bc5bacd48/ HTTP/1.0" 404 31
[24/Sep/2020 15:28:19] "GET /admin/ HTTP/1.0" 200 8110
[24/Sep/2020 15:28:19] "GET /static/admin/img/icon-deletelink.svg HTTP/1.0" 200 392
[24/Sep/2020 15:28:22] "GET /admin/badges/personbadge/ HTTP/1.0" 200 3212
[24/Sep/2020 15:28:22] "GET /admin/jsi18n/ HTTP/1.0" 200 3223
[24/Sep/2020 15:28:25] "GET /admin/ HTTP/1.0" 200 8110
[24/Sep/2020 15:28:28] "GET /admin/badges/personbadge/ HTTP/1.0" 200 3212
[24/Sep/2020 15:28:28] "GET /admin/jsi18n/ HTTP/1.0" 200 3223
[24/Sep/2020 15:28:32] "GET /admin/ HTTP/1.0" 200 8110
[24/Sep/2020 15:28:34] "GET /admin/auth/user/ HTTP/1.0" 200 7041
[24/Sep/2020 15:28:34] "GET /admin/jsi18n/ HTTP/1.0" 200 3223
[24/Sep/2020 15:28:37] "GET /admin/auth/user/3/change/ HTTP/1.0" 200 18520
[24/Sep/2020 15:28:37] "GET /admin/jsi18n/ HTTP/1.0" 200 3223
[24/Sep/2020 15:28:46] "GET /admin/ HTTP/1.0" 200 8110
[24/Sep/2020 15:28:59] "GET /admin/badges/badge/ HTTP/1.0" 200 3165
[24/Sep/2020 15:28:59] "GET /admin/jsi18n/ HTTP/1.0" 200 3223
[24/Sep/2020 15:29:03] "GET /admin/badges/badge/add/ HTTP/1.0" 200 5744
[24/Sep/2020 15:29:03] "GET /admin/jsi18n/ HTTP/1.0" 200 3223
[24/Sep/2020 15:29:19] "POST /admin/badges/badge/add/ HTTP/1.0" 302 0
[24/Sep/2020 15:29:19] "GET /admin/badges/badge/ HTTP/1.0" 200 5785
[24/Sep/2020 15:29:19] "GET /admin/jsi18n/ HTTP/1.0" 200 3223
[24/Sep/2020 15:29:19] "GET /media/badge/nd.png HTTP/1.0" 200 54256
[24/Sep/2020 15:29:23] "GET /admin/ HTTP/1.0" 200 8391
[24/Sep/2020 15:29:26] "GET /admin/badges/personbadge/ HTTP/1.0" 200 3212
[24/Sep/2020 15:29:26] "GET /admin/jsi18n/ HTTP/1.0" 200 3223
[24/Sep/2020 15:29:29] "GET /admin/badges/personbadge/add/ HTTP/1.0" 200 6017
[24/Sep/2020 15:29:29] "GET /admin/jsi18n/ HTTP/1.0" 200 3223
[24/Sep/2020 15:29:34] "POST /admin/badges/personbadge/add/ HTTP/1.0" 302 0
[24/Sep/2020 15:29:35] "GET /admin/badges/personbadge/ HTTP/1.0" 200 5467
[24/Sep/2020 15:29:35] "GET /admin/jsi18n/ HTTP/1.0" 200 3223
[24/Sep/2020 15:29:41] "GET /api/badges/collection/c7e2a87b-83ac-4b8f-822d-cf2bc5bacd48 HTTP/1.0" 301 0
[24/Sep/2020 15:29:41] "GET /api/badges/collection/c7e2a87b-83ac-4b8f-822d-cf2bc5bacd48/ HTTP/1.0" 200 102
[24/Sep/2020 15:29:49] "GET /api/badges/collection/c7e2a87b-83ac-4b8f-822d-cf2bc5bacd48 HTTP/1.0" 301 0
[24/Sep/2020 15:29:49] "GET /api/badges/collection/c7e2a87b-83ac-4b8f-822d-cf2bc5bacd48/ HTTP/1.0" 200 102
[24/Sep/2020 15:31:21] "GET /api/badges/collection/c7e2a87b-83ac-4b8f-822d-cf2bc5bacd48 HTTP/1.0" 301 0
[24/Sep/2020 15:31:21] "GET /api/badges/collection/c7e2a87b-83ac-4b8f-822d-cf2bc5bacd48/ HTTP/1.0" 200 102
[24/Sep/2020 15:31:21] "GET /api/badges/collection/c7e2a87b-83ac-4b8f-822d-cf2bc5bacd48 HTTP/1.0" 301 0
[24/Sep/2020 15:31:21] "GET /api/badges/collection/c7e2a87b-83ac-4b8f-822d-cf2bc5bacd48/ HTTP/1.0" 200 102
[24/Sep/2020 15:31:21] "GET /api/badges/collection/c7e2a87b-83ac-4b8f-822d-cf2bc5bacd48 HTTP/1.0" 301 0
[24/Sep/2020 15:31:21] "GET /api/badges/collection/c7e2a87b-83ac-4b8f-822d-cf2bc5bacd48/ HTTP/1.0" 200 102
[24/Sep/2020 15:31:21] "GET /api/badges/collection/c7e2a87b-83ac-4b8f-822d-cf2bc5bacd48 HTTP/1.0" 301 0
[24/Sep/2020 15:31:22] "GET /api/badges/collection/c7e2a87b-83ac-4b8f-822d-cf2bc5bacd48/ HTTP/1.0" 200 102
[24/Sep/2020 15:31:22] "GET /api/badges/collection/c7e2a87b-83ac-4b8f-822d-cf2bc5bacd48 HTTP/1.0" 301 0
[24/Sep/2020 15:31:22] "GET /api/badges/collection/c7e2a87b-83ac-4b8f-822d-cf2bc5bacd48/ HTTP/1.0" 200 102
[24/Sep/2020 15:31:22] "GET /api/badges/collection/c7e2a87b-83ac-4b8f-822d-cf2bc5bacd48 HTTP/1.0" 301 0
[24/Sep/2020 15:31:22] "GET /api/badges/collection/c7e2a87b-83ac-4b8f-822d-cf2bc5bacd48/ HTTP/1.0" 200 102
[24/Sep/2020 15:31:22] "GET /api/badges/collection/c7e2a87b-83ac-4b8f-822d-cf2bc5bacd48 HTTP/1.0" 301 0
[24/Sep/2020 15:31:22] "GET /api/badges/collection/c7e2a87b-83ac-4b8f-822d-cf2bc5bacd48/ HTTP/1.0" 200 102
[24/Sep/2020 15:31:23] "GET /api/badges/collection/c7e2a87b-83ac-4b8f-822d-cf2bc5bacd48 HTTP/1.0" 301 0
[24/Sep/2020 15:31:23] "GET /api/badges/collection/c7e2a87b-83ac-4b8f-822d-cf2bc5bacd48/ HTTP/1.0" 200 102
[24/Sep/2020 15:31:23] "GET /api/badges/collection/c7e2a87b-83ac-4b8f-822d-cf2bc5bacd48 HTTP/1.0" 301 0
[24/Sep/2020 15:31:23] "GET /api/badges/collection/c7e2a87b-83ac-4b8f-822d-cf2bc5bacd48/ HTTP/1.0" 200 102
[24/Sep/2020 15:31:23] "GET /api/badges/collection/c7e2a87b-83ac-4b8f-822d-cf2bc5bacd48 HTTP/1.0" 301 0
[24/Sep/2020 15:31:23] "GET /api/badges/collection/c7e2a87b-83ac-4b8f-822d-cf2bc5bacd48/ HTTP/1.0" 200 102
[24/Sep/2020 15:31:23] "GET /api/badges/collection/c7e2a87b-83ac-4b8f-822d-cf2bc5bacd48 HTTP/1.0" 301 0
[24/Sep/2020 15:31:23] "GET /api/badges/collection/c7e2a87b-83ac-4b8f-822d-cf2bc5bacd48/ HTTP/1.0" 200 102
[24/Sep/2020 15:31:24] "GET /api/badges/collection/c7e2a87b-83ac-4b8f-822d-cf2bc5bacd48 HTTP/1.0" 301 0
[24/Sep/2020 15:31:24] "GET /api/badges/collection/c7e2a87b-83ac-4b8f-822d-cf2bc5bacd48/ HTTP/1.0" 200 102
[24/Sep/2020 15:31:24] "GET /api/badges/collection/c7e2a87b-83ac-4b8f-822d-cf2bc5bacd48 HTTP/1.0" 301 0
[24/Sep/2020 15:31:24] "GET /api/badges/collection/c7e2a87b-83ac-4b8f-822d-cf2bc5bacd48/ HTTP/1.0" 200 102
[24/Sep/2020 15:31:24] "GET /api/badges/collection/c7e2a87b-83ac-4b8f-822d-cf2bc5bacd48 HTTP/1.0" 301 0
[24/Sep/2020 15:31:24] "GET /api/badges/collection/c7e2a87b-83ac-4b8f-822d-cf2bc5bacd48/ HTTP/1.0" 200 102
[24/Sep/2020 15:31:24] "GET /api/badges/collection/c7e2a87b-83ac-4b8f-822d-cf2bc5bacd48 HTTP/1.0" 301 0
[24/Sep/2020 15:31:24] "GET /api/badges/collection/c7e2a87b-83ac-4b8f-822d-cf2bc5bacd48/ HTTP/1.0" 200 102
[24/Sep/2020 15:31:25] "GET /api/badges/collection/c7e2a87b-83ac-4b8f-822d-cf2bc5bacd48 HTTP/1.0" 301 0
[24/Sep/2020 15:31:25] "GET /api/badges/collection/c7e2a87b-83ac-4b8f-822d-cf2bc5bacd48/ HTTP/1.0" 200 102
[24/Sep/2020 15:31:25] "GET /api/badges/collection/c7e2a87b-83ac-4b8f-822d-cf2bc5bacd48 HTTP/1.0" 301 0
[24/Sep/2020 15:31:25] "GET /api/badges/collection/c7e2a87b-83ac-4b8f-822d-cf2bc5bacd48/ HTTP/1.0" 200 102
[24/Sep/2020 15:31:25] "GET /api/badges/collection/c7e2a87b-83ac-4b8f-822d-cf2bc5bacd48 HTTP/1.0" 301 0
[24/Sep/2020 15:31:25] "GET /api/badges/collection/c7e2a87b-83ac-4b8f-822d-cf2bc5bacd48/ HTTP/1.0" 200 102
[24/Sep/2020 15:31:25] "GET /api/badges/collection/c7e2a87b-83ac-4b8f-822d-cf2bc5bacd48 HTTP/1.0" 301 0
[24/Sep/2020 15:31:25] "GET /api/badges/collection/c7e2a87b-83ac-4b8f-822d-cf2bc5bacd48/ HTTP/1.0" 200 102
[24/Sep/2020 15:31:25] "GET /api/badges/collection/c7e2a87b-83ac-4b8f-822d-cf2bc5bacd48 HTTP/1.0" 301 0
[24/Sep/2020 15:31:26] "GET /api/badges/collection/c7e2a87b-83ac-4b8f-822d-cf2bc5bacd48/ HTTP/1.0" 200 102
[24/Sep/2020 15:31:26] "GET /api/badges/collection/c7e2a87b-83ac-4b8f-822d-cf2bc5bacd48 HTTP/1.0" 301 0
[24/Sep/2020 15:31:26] "GET /api/badges/collection/c7e2a87b-83ac-4b8f-822d-cf2bc5bacd48/ HTTP/1.0" 200 102
[24/Sep/2020 15:31:26] "GET /api/badges/collection/c7e2a87b-83ac-4b8f-822d-cf2bc5bacd48 HTTP/1.0" 301 0
[24/Sep/2020 15:31:26] "GET /api/badges/collection/c7e2a87b-83ac-4b8f-822d-cf2bc5bacd48/ HTTP/1.0" 200 102
[24/Sep/2020 15:31:26] "GET /api/badges/collection/c7e2a87b-83ac-4b8f-822d-cf2bc5bacd48 HTTP/1.0" 301 0
[24/Sep/2020 15:31:26] "GET /api/badges/collection/c7e2a87b-83ac-4b8f-822d-cf2bc5bacd48/ HTTP/1.0" 200 102
[24/Sep/2020 15:31:26] "GET /api/badges/collection/c7e2a87b-83ac-4b8f-822d-cf2bc5bacd48 HTTP/1.0" 301 0
[24/Sep/2020 15:31:26] "GET /api/badges/collection/c7e2a87b-83ac-4b8f-822d-cf2bc5bacd48/ HTTP/1.0" 200 102
[24/Sep/2020 15:31:27] "GET /api/badges/collection/c7e2a87b-83ac-4b8f-822d-cf2bc5bacd48 HTTP/1.0" 301 0
[24/Sep/2020 15:31:27] "GET /api/badges/collection/c7e2a87b-83ac-4b8f-822d-cf2bc5bacd48/ HTTP/1.0" 200 102
[24/Sep/2020 15:31:27] "GET /api/badges/collection/c7e2a87b-83ac-4b8f-822d-cf2bc5bacd48 HTTP/1.0" 301 0
[24/Sep/2020 15:31:27] "GET /api/badges/collection/c7e2a87b-83ac-4b8f-822d-cf2bc5bacd48/ HTTP/1.0" 200 102
[24/Sep/2020 15:31:27] "GET /api/badges/collection/c7e2a87b-83ac-4b8f-822d-cf2bc5bacd48 HTTP/1.0" 301 0
[24/Sep/2020 15:31:27] "GET /api/badges/collection/c7e2a87b-83ac-4b8f-822d-cf2bc5bacd48/ HTTP/1.0" 200 102
[24/Sep/2020 15:31:27] "GET /api/badges/collection/c7e2a87b-83ac-4b8f-822d-cf2bc5bacd48 HTTP/1.0" 301 0
[24/Sep/2020 15:31:27] "GET /api/badges/collection/c7e2a87b-83ac-4b8f-822d-cf2bc5bacd48/ HTTP/1.0" 200 102
[24/Sep/2020 15:31:27] "GET /api/badges/collection/c7e2a87b-83ac-4b8f-822d-cf2bc5bacd48 HTTP/1.0" 301 0
[24/Sep/2020 15:31:27] "GET /api/badges/collection/c7e2a87b-83ac-4b8f-822d-cf2bc5bacd48/ HTTP/1.0" 200 102
[24/Sep/2020 15:31:28] "GET /api/badges/collection/c7e2a87b-83ac-4b8f-822d-cf2bc5bacd48 HTTP/1.0" 301 0
[24/Sep/2020 15:31:28] "GET /api/badges/collection/c7e2a87b-83ac-4b8f-822d-cf2bc5bacd48/ HTTP/1.0" 200 102
[24/Sep/2020 15:31:28] "GET /api/badges/collection/c7e2a87b-83ac-4b8f-822d-cf2bc5bacd48 HTTP/1.0" 301 0
[24/Sep/2020 15:31:28] "GET /api/badges/collection/c7e2a87b-83ac-4b8f-822d-cf2bc5bacd48/ HTTP/1.0" 200 102
[24/Sep/2020 15:31:28] "GET /api/badges/collection/c7e2a87b-83ac-4b8f-822d-cf2bc5bacd48 HTTP/1.0" 301 0
[24/Sep/2020 15:31:28] "GET /api/badges/collection/c7e2a87b-83ac-4b8f-822d-cf2bc5bacd48/ HTTP/1.0" 200 102
[24/Sep/2020 15:31:28] "GET /api/badges/collection/c7e2a87b-83ac-4b8f-822d-cf2bc5bacd48 HTTP/1.0" 301 0
[24/Sep/2020 15:31:28] "GET /api/badges/collection/c7e2a87b-83ac-4b8f-822d-cf2bc5bacd48/ HTTP/1.0" 200 102
[24/Sep/2020 15:31:28] "GET /api/badges/collection/c7e2a87b-83ac-4b8f-822d-cf2bc5bacd48 HTTP/1.0" 301 0
[24/Sep/2020 15:31:29] "GET /api/badges/collection/c7e2a87b-83ac-4b8f-822d-cf2bc5bacd48/ HTTP/1.0" 200 102
[24/Sep/2020 15:31:29] "GET /api/badges/collection/c7e2a87b-83ac-4b8f-822d-cf2bc5bacd48 HTTP/1.0" 301 0
[24/Sep/2020 15:31:29] "GET /api/badges/collection/c7e2a87b-83ac-4b8f-822d-cf2bc5bacd48/ HTTP/1.0" 200 102
[24/Sep/2020 15:31:29] "GET /api/badges/collection/c7e2a87b-83ac-4b8f-822d-cf2bc5bacd48 HTTP/1.0" 301 0
[24/Sep/2020 15:31:29] "GET /api/badges/collection/c7e2a87b-83ac-4b8f-822d-cf2bc5bacd48/ HTTP/1.0" 200 102
[24/Sep/2020 15:31:29] "GET /api/badges/collection/c7e2a87b-83ac-4b8f-822d-cf2bc5bacd48 HTTP/1.0" 301 0
[24/Sep/2020 15:31:29] "GET /api/badges/collection/c7e2a87b-83ac-4b8f-822d-cf2bc5bacd48/ HTTP/1.0" 200 102
[24/Sep/2020 15:31:29] "GET /api/badges/collection/c7e2a87b-83ac-4b8f-822d-cf2bc5bacd48 HTTP/1.0" 301 0
[24/Sep/2020 15:31:29] "GET /api/badges/collection/c7e2a87b-83ac-4b8f-822d-cf2bc5bacd48/ HTTP/1.0" 200 102
[24/Sep/2020 15:31:30] "GET /api/badges/collection/c7e2a87b-83ac-4b8f-822d-cf2bc5bacd48 HTTP/1.0" 301 0
[24/Sep/2020 15:31:30] "GET /api/badges/collection/c7e2a87b-83ac-4b8f-822d-cf2bc5bacd48/ HTTP/1.0" 200 102
[24/Sep/2020 15:31:30] "GET /api/badges/collection/c7e2a87b-83ac-4b8f-822d-cf2bc5bacd48 HTTP/1.0" 301 0
[24/Sep/2020 15:31:30] "GET /api/badges/collection/c7e2a87b-83ac-4b8f-822d-cf2bc5bacd48/ HTTP/1.0" 200 102
[24/Sep/2020 15:31:30] "GET /api/badges/collection/c7e2a87b-83ac-4b8f-822d-cf2bc5bacd48 HTTP/1.0" 301 0
[24/Sep/2020 15:31:30] "GET /api/badges/collection/c7e2a87b-83ac-4b8f-822d-cf2bc5bacd48/ HTTP/1.0" 200 102
[24/Sep/2020 15:31:30] "GET /api/badges/collection/c7e2a87b-83ac-4b8f-822d-cf2bc5bacd48 HTTP/1.0" 301 0
[24/Sep/2020 15:31:30] "GET /api/badges/collection/c7e2a87b-83ac-4b8f-822d-cf2bc5bacd48/ HTTP/1.0" 200 102
[24/Sep/2020 15:31:30] "GET /api/badges/collection/c7e2a87b-83ac-4b8f-822d-cf2bc5bacd48 HTTP/1.0" 301 0
[24/Sep/2020 15:31:30] "GET /api/badges/collection/c7e2a87b-83ac-4b8f-822d-cf2bc5bacd48/ HTTP/1.0" 200 102
[24/Sep/2020 15:31:31] "GET /api/badges/collection/c7e2a87b-83ac-4b8f-822d-cf2bc5bacd48 HTTP/1.0" 301 0
[24/Sep/2020 15:31:31] "GET /api/badges/collection/c7e2a87b-83ac-4b8f-822d-cf2bc5bacd48/ HTTP/1.0" 200 102
[24/Sep/2020 15:31:31] "GET /api/badges/collection/c7e2a87b-83ac-4b8f-822d-cf2bc5bacd48 HTTP/1.0" 301 0
[24/Sep/2020 15:31:31] "GET /api/badges/collection/c7e2a87b-83ac-4b8f-822d-cf2bc5bacd48/ HTTP/1.0" 200 102
[24/Sep/2020 15:31:31] "GET /api/badges/collection/c7e2a87b-83ac-4b8f-822d-cf2bc5bacd48 HTTP/1.0" 301 0
[24/Sep/2020 15:31:31] "GET /api/badges/collection/c7e2a87b-83ac-4b8f-822d-cf2bc5bacd48/ HTTP/1.0" 200 102
[24/Sep/2020 15:31:31] "GET /api/badges/collection/c7e2a87b-83ac-4b8f-822d-cf2bc5bacd48 HTTP/1.0" 301 0
[24/Sep/2020 15:31:31] "GET /api/badges/collection/c7e2a87b-83ac-4b8f-822d-cf2bc5bacd48/ HTTP/1.0" 200 102
[24/Sep/2020 15:31:31] "GET /api/badges/collection/c7e2a87b-83ac-4b8f-822d-cf2bc5bacd48 HTTP/1.0" 301 0
[24/Sep/2020 15:31:31] "GET /api/badges/collection/c7e2a87b-83ac-4b8f-822d-cf2bc5bacd48/ HTTP/1.0" 200 102
[24/Sep/2020 15:31:32] "GET /api/badges/collection/c7e2a87b-83ac-4b8f-822d-cf2bc5bacd48 HTTP/1.0" 301 0
[24/Sep/2020 15:31:32] "GET /api/badges/collection/c7e2a87b-83ac-4b8f-822d-cf2bc5bacd48/ HTTP/1.0" 200 102
[24/Sep/2020 15:31:32] "GET /api/badges/collection/c7e2a87b-83ac-4b8f-822d-cf2bc5bacd48 HTTP/1.0" 301 0
[24/Sep/2020 15:31:32] "GET /api/badges/collection/c7e2a87b-83ac-4b8f-822d-cf2bc5bacd48/ HTTP/1.0" 200 102
[24/Sep/2020 15:31:33] "GET /api/badges/collection/c7e2a87b-83ac-4b8f-822d-cf2bc5bacd48 HTTP/1.0" 301 0
[24/Sep/2020 15:31:33] "GET /api/badges/collection/c7e2a87b-83ac-4b8f-822d-cf2bc5bacd48/ HTTP/1.0" 200 102
[24/Sep/2020 15:31:33] "GET /api/badges/collection/c7e2a87b-83ac-4b8f-822d-cf2bc5bacd48 HTTP/1.0" 301 0
[24/Sep/2020 15:31:33] "GET /api/badges/collection/c7e2a87b-83ac-4b8f-822d-cf2bc5bacd48/ HTTP/1.0" 200 102
[24/Sep/2020 15:31:35] "GET /api/badges/collection/c7e2a87b-83ac-4b8f-822d-cf2bc5bacd48 HTTP/1.0" 301 0
[24/Sep/2020 15:31:35] "GET /api/badges/collection/c7e2a87b-83ac-4b8f-822d-cf2bc5bacd48/ HTTP/1.0" 200 102
[24/Sep/2020 15:31:51] "GET /api/badges/collection/c7e2a87b-83ac-4b8f-822d-cf2bc5bacd48 HTTP/1.0" 301 0
[24/Sep/2020 15:31:51] "GET /api/badges/collection/c7e2a87b-83ac-4b8f-822d-cf2bc5bacd48/ HTTP/1.0" 200 102
[24/Sep/2020 15:31:54] "GET /api/badges/collection/c7e2a87b-83ac-4b8f-822d-cf2bc5bacd48 HTTP/1.0" 301 0
[24/Sep/2020 15:31:54] "GET /api/badges/collection/c7e2a87b-83ac-4b8f-822d-cf2bc5bacd48/ HTTP/1.0" 200 102
[24/Sep/2020 15:31:59] "GET /api/badges/collection/c7e2a87b-83ac-4b8f-822d-cf2bc5bacd48 HTTP/1.0" 301 0
[24/Sep/2020 15:31:59] "GET /api/badges/collection/c7e2a87b-83ac-4b8f-822d-cf2bc5bacd48/ HTTP/1.0" 200 102
[24/Sep/2020 15:32:18] "GET /api/badges/collection/c7e2a87b-83ac-4b8f-822d-cf2bc5bacd48 HTTP/1.0" 301 0
[24/Sep/2020 15:32:18] "GET /api/badges/collection/c7e2a87b-83ac-4b8f-822d-cf2bc5bacd48/ HTTP/1.0" 200 102
[24/Sep/2020 15:33:07] "GET /api/badges/collection/c7e2a87b-83ac-4b8f-822d-cf2bc5bacd48 HTTP/1.0" 301 0
[24/Sep/2020 15:33:07] "GET /api/badges/collection/c7e2a87b-83ac-4b8f-822d-cf2bc5bacd48/ HTTP/1.0" 200 102
[24/Sep/2020 15:33:37] "GET /api/badges/collection/c7e2a87b-83ac-4b8f-822d-cf2bc5bacd48 HTTP/1.0" 301 0
[24/Sep/2020 15:33:37] "GET /api/badges/collection/c7e2a87b-83ac-4b8f-822d-cf2bc5bacd48/ HTTP/1.0" 200 102
[24/Sep/2020 15:33:42] "GET /api/badges/collection/c7e2a87b-83ac-4b8f-822d-cf2bc5bacd48 HTTP/1.0" 301 0
[24/Sep/2020 15:33:43] "GET /api/badges/collection/c7e2a87b-83ac-4b8f-822d-cf2bc5bacd48/ HTTP/1.0" 200 102
[24/Sep/2020 15:34:12] "GET /api/badges/collection/c7e2a87b-83ac-4b8f-822d-cf2bc5bacd48 HTTP/1.0" 301 0
[24/Sep/2020 15:34:12] "GET /api/badges/collection/c7e2a87b-83ac-4b8f-822d-cf2bc5bacd48/ HTTP/1.0" 200 102
[24/Sep/2020 15:34:16] "GET /api/badges/collection/c7e2a87b-83ac-4b8f-822d-cf2bc5bacd48 HTTP/1.0" 301 0
[24/Sep/2020 15:34:16] "GET /api/badges/collection/c7e2a87b-83ac-4b8f-822d-cf2bc5bacd48/ HTTP/1.0" 200 102
[24/Sep/2020 15:34:22] "GET /api/badges/collection/c7e2a87b-83ac-4b8f-822d-cf2bc5bacd48 HTTP/1.0" 301 0
[24/Sep/2020 15:34:22] "GET /api/badges/collection/c7e2a87b-83ac-4b8f-822d-cf2bc5bacd48/ HTTP/1.0" 200 102
[24/Sep/2020 15:34:27] "GET /api/badges/collection/c7e2a87b-83ac-4b8f-822d-cf2bc5bacd48 HTTP/1.0" 301 0
[24/Sep/2020 15:34:27] "GET /api/badges/collection/c7e2a87b-83ac-4b8f-822d-cf2bc5bacd48/ HTTP/1.0" 200 102
[24/Sep/2020 15:34:30] "GET /api/badges/collection/c7e2a87b-83ac-4b8f-822d-cf2bc5bacd48 HTTP/1.0" 301 0
[24/Sep/2020 15:34:30] "GET /api/badges/collection/c7e2a87b-83ac-4b8f-822d-cf2bc5bacd48/ HTTP/1.0" 200 102
[24/Sep/2020 15:35:54] "GET /api/badges/collection/c7e2a87b-83ac-4b8f-822d-cf2bc5bacd48 HTTP/1.0" 301 0
[24/Sep/2020 15:35:54] "GET /api/badges/collection/c7e2a87b-83ac-4b8f-822d-cf2bc5bacd48/ HTTP/1.0" 200 102
[24/Sep/2020 15:42:02] "GET /api/badges/collection/c7e2a87b-83ac-4b8f-822d-cf2bc5bacd48 HTTP/1.0" 301 0
[24/Sep/2020 15:42:03] "GET /api/badges/collection/c7e2a87b-83ac-4b8f-822d-cf2bc5bacd48/ HTTP/1.0" 200 102
[24/Sep/2020 15:42:10] "GET /api/badges/collection/c7e2a87b-83ac-4b8f-822d-cf2bc5bacd48 HTTP/1.0" 301 0
[24/Sep/2020 15:42:11] "GET /api/badges/collection/c7e2a87b-83ac-4b8f-822d-cf2bc5bacd48/ HTTP/1.0" 200 102
[24/Sep/2020 15:43:04] "GET /api/badges/collection/c7e2a87b-83ac-4b8f-822d-cf2bc5bacd48 HTTP/1.0" 301 0
[24/Sep/2020 15:43:04] "GET /api/badges/collection/c7e2a87b-83ac-4b8f-822d-cf2bc5bacd48/ HTTP/1.0" 200 102
[24/Sep/2020 15:44:46] "GET /api/badges/collection/c7e2a87b-83ac-4b8f-822d-cf2bc5bacd48 HTTP/1.0" 301 0
[24/Sep/2020 15:44:47] "GET /api/badges/collection/c7e2a87b-83ac-4b8f-822d-cf2bc5bacd48/ HTTP/1.0" 200 102
[24/Sep/2020 15:45:02] "GET /api/badges/collection/c7e2a87b-83ac-4b8f-822d-cf2bc5bacd48 HTTP/1.0" 301 0
[24/Sep/2020 15:45:03] "GET /api/badges/collection/c7e2a87b-83ac-4b8f-822d-cf2bc5bacd48/ HTTP/1.0" 200 102
[24/Sep/2020 15:45:17] "GET /api/badges/collection/c7e2a87b-83ac-4b8f-822d-cf2bc5bacd48 HTTP/1.0" 301 0
[24/Sep/2020 15:45:18] "GET /api/badges/collection/c7e2a87b-83ac-4b8f-822d-cf2bc5bacd48/ HTTP/1.0" 200 102
[24/Sep/2020 15:45:21] "GET /api/badges/collection/c7e2a87b-83ac-4b8f-822d-cf2bc5bacd48 HTTP/1.0" 301 0
[24/Sep/2020 15:45:21] "GET /api/badges/collection/c7e2a87b-83ac-4b8f-822d-cf2bc5bacd48/ HTTP/1.0" 200 102
[24/Sep/2020 15:45:25] "GET /api/badges/collection/c7e2a87b-83ac-4b8f-822d-cf2bc5bacd48 HTTP/1.0" 301 0
[24/Sep/2020 15:45:25] "GET /api/badges/collection/c7e2a87b-83ac-4b8f-822d-cf2bc5bacd48/ HTTP/1.0" 200 102
[24/Sep/2020 15:45:28] "GET /api/badges/collection/c7e2a87b-83ac-4b8f-822d-cf2bc5bacd48 HTTP/1.0" 301 0
[24/Sep/2020 15:45:29] "GET /api/badges/collection/c7e2a87b-83ac-4b8f-822d-cf2bc5bacd48/ HTTP/1.0" 200 102
[24/Sep/2020 15:45:44] "GET /api/badges/collection/c7e2a87b-83ac-4b8f-822d-cf2bc5bacd48 HTTP/1.0" 301 0
[24/Sep/2020 15:45:44] "GET /api/badges/collection/c7e2a87b-83ac-4b8f-822d-cf2bc5bacd48/ HTTP/1.0" 200 102
[24/Sep/2020 15:45:49] "GET /api/badges/collection/c7e2a87b-83ac-4b8f-822d-cf2bc5bacd48 HTTP/1.0" 301 0
[24/Sep/2020 15:45:49] "GET /api/badges/collection/c7e2a87b-83ac-4b8f-822d-cf2bc5bacd48/ HTTP/1.0" 200 102
[24/Sep/2020 15:46:02] "GET /api/badges/collection/c7e2a87b-83ac-4b8f-822d-cf2bc5bacd48 HTTP/1.0" 301 0
[24/Sep/2020 15:46:02] "GET /api/badges/collection/c7e2a87b-83ac-4b8f-822d-cf2bc5bacd48/ HTTP/1.0" 200 102
[24/Sep/2020 15:46:23] "GET /api/badges/collection/c7e2a87b-83ac-4b8f-822d-cf2bc5bacd48 HTTP/1.0" 301 0
[24/Sep/2020 15:46:23] "GET /api/badges/collection/c7e2a87b-83ac-4b8f-822d-cf2bc5bacd48/ HTTP/1.0" 200 102
[24/Sep/2020 15:46:42] "GET /api/badges/collection/c7e2a87b-83ac-4b8f-822d-cf2bc5bacd48 HTTP/1.0" 301 0
[24/Sep/2020 15:46:42] "GET /api/badges/collection/c7e2a87b-83ac-4b8f-822d-cf2bc5bacd48/ HTTP/1.0" 200 102
[24/Sep/2020 15:46:52] "GET /api/badges/collection/c7e2a87b-83ac-4b8f-822d-cf2bc5bacd48 HTTP/1.0" 301 0
[24/Sep/2020 15:46:52] "GET /api/badges/collection/c7e2a87b-83ac-4b8f-822d-cf2bc5bacd48/ HTTP/1.0" 200 102
[24/Sep/2020 15:47:52] "GET /api/badges/collection/c7e2a87b-83ac-4b8f-822d-cf2bc5bacd48 HTTP/1.0" 301 0
[24/Sep/2020 15:47:52] "GET /api/badges/collection/c7e2a87b-83ac-4b8f-822d-cf2bc5bacd48/ HTTP/1.0" 200 102
[24/Sep/2020 15:48:28] "GET /api/badges/collection/c7e2a87b-83ac-4b8f-822d-cf2bc5bacd48 HTTP/1.0" 301 0
[24/Sep/2020 15:48:28] "GET /api/badges/collection/c7e2a87b-83ac-4b8f-822d-cf2bc5bacd48/ HTTP/1.0" 200 102
[24/Sep/2020 15:49:05] "GET /api/badges/collection/c7e2a87b-83ac-4b8f-822d-cf2bc5bacd48 HTTP/1.0" 301 0
[24/Sep/2020 15:49:06] "GET /api/badges/collection/c7e2a87b-83ac-4b8f-822d-cf2bc5bacd48/ HTTP/1.0" 200 102
[24/Sep/2020 15:50:03] "OPTIONS /api/auth/convert-token HTTP/1.0" 200 0
[24/Sep/2020 15:50:03] "POST /api/auth/convert-token HTTP/1.0" 200 160
[24/Sep/2020 15:50:03] "OPTIONS /api/sessions HTTP/1.0" 200 0
[24/Sep/2020 15:50:03] "GET /api/sessions HTTP/1.0" 200 61
[24/Sep/2020 15:50:05] "GET /api/badges/collection/c7e2a87b-83ac-4b8f-822d-cf2bc5bacd48 HTTP/1.0" 301 0
[24/Sep/2020 15:50:06] "GET /api/badges/collection/c7e2a87b-83ac-4b8f-822d-cf2bc5bacd48/ HTTP/1.0" 200 102
[24/Sep/2020 15:50:10] "GET /api/badges/collection/c7e2a87b-83ac-4b8f-822d-cf2bc5bacd48 HTTP/1.0" 301 0
[24/Sep/2020 15:50:10] "GET /api/badges/collection/c7e2a87b-83ac-4b8f-822d-cf2bc5bacd48/ HTTP/1.0" 200 102
[24/Sep/2020 15:50:25] "GET /api/badges/collection/c7e2a87b-83ac-4b8f-822d-cf2bc5bacd48 HTTP/1.0" 301 0
[24/Sep/2020 15:50:26] "GET /api/badges/collection/c7e2a87b-83ac-4b8f-822d-cf2bc5bacd48/ HTTP/1.0" 200 102
[24/Sep/2020 15:50:40] "GET /api/badges/collection/c7e2a87b-83ac-4b8f-822d-cf2bc5bacd48 HTTP/1.0" 301 0
[24/Sep/2020 15:50:40] "GET /api/badges/collection/c7e2a87b-83ac-4b8f-822d-cf2bc5bacd48/ HTTP/1.0" 200 102
[24/Sep/2020 15:50:43] "GET /api/badges/collection/c7e2a87b-83ac-4b8f-822d-cf2bc5bacd48 HTTP/1.0" 301 0
[24/Sep/2020 15:50:44] "GET /api/badges/collection/c7e2a87b-83ac-4b8f-822d-cf2bc5bacd48/ HTTP/1.0" 200 102
[24/Sep/2020 15:50:59] "GET /api/badges/collection/c7e2a87b-83ac-4b8f-822d-cf2bc5bacd48 HTTP/1.0" 301 0
[24/Sep/2020 15:50:59] "GET /api/badges/collection/c7e2a87b-83ac-4b8f-822d-cf2bc5bacd48/ HTTP/1.0" 200 102
[24/Sep/2020 15:51:11] "GET /api/badges/collection/null HTTP/1.0" 301 0
Internal Server Error: /api/badges/collection/null/
Traceback (most recent call last):
  File "/root/.local/share/virtualenvs/omg-badges-lvNWWO3C/lib/python3.8/site-packages/django/db/models/fields/__init__.py", line 2313, in to_python
    return uuid.UUID(**{input_form: value})
  File "/usr/lib/python3.8/uuid.py", line 169, in __init__
    raise ValueError('badly formed hexadecimal UUID string')
ValueError: badly formed hexadecimal UUID string

During handling of the above exception, another exception occurred:

Traceback (most recent call last):
  File "/root/.local/share/virtualenvs/omg-badges-lvNWWO3C/lib/python3.8/site-packages/django/core/handlers/exception.py", line 34, in inner
    response = get_response(request)
  File "/root/.local/share/virtualenvs/omg-badges-lvNWWO3C/lib/python3.8/site-packages/django/core/handlers/base.py", line 115, in _get_response
    response = self.process_exception_by_middleware(e, request)
  File "/root/.local/share/virtualenvs/omg-badges-lvNWWO3C/lib/python3.8/site-packages/django/core/handlers/base.py", line 113, in _get_response
    response = wrapped_callback(request, *callback_args, **callback_kwargs)
  File "/root/.local/share/virtualenvs/omg-badges-lvNWWO3C/lib/python3.8/site-packages/django/views/decorators/csrf.py", line 54, in wrapped_view
    return view_func(*args, **kwargs)
  File "/root/.local/share/virtualenvs/omg-badges-lvNWWO3C/lib/python3.8/site-packages/django/views/generic/base.py", line 71, in view
    return self.dispatch(request, *args, **kwargs)
  File "/root/.local/share/virtualenvs/omg-badges-lvNWWO3C/lib/python3.8/site-packages/rest_framework/views.py", line 505, in dispatch
    response = self.handle_exception(exc)
  File "/root/.local/share/virtualenvs/omg-badges-lvNWWO3C/lib/python3.8/site-packages/rest_framework/views.py", line 465, in handle_exception
    self.raise_uncaught_exception(exc)
  File "/root/.local/share/virtualenvs/omg-badges-lvNWWO3C/lib/python3.8/site-packages/rest_framework/views.py", line 476, in raise_uncaught_exception
    raise exc
  File "/root/.local/share/virtualenvs/omg-badges-lvNWWO3C/lib/python3.8/site-packages/rest_framework/views.py", line 502, in dispatch
    response = handler(request, *args, **kwargs)
  File "/home/omg-badges/badges/views.py", line 105, in get
    obj = get_object_or_404(Profile, pk=uid)
  File "/root/.local/share/virtualenvs/omg-badges-lvNWWO3C/lib/python3.8/site-packages/django/shortcuts.py", line 76, in get_object_or_404
    return queryset.get(*args, **kwargs)
  File "/root/.local/share/virtualenvs/omg-badges-lvNWWO3C/lib/python3.8/site-packages/django/db/models/query.py", line 404, in get
    clone = self._chain() if self.query.combinator else self.filter(*args, **kwargs)
  File "/root/.local/share/virtualenvs/omg-badges-lvNWWO3C/lib/python3.8/site-packages/django/db/models/query.py", line 904, in filter
    return self._filter_or_exclude(False, *args, **kwargs)
  File "/root/.local/share/virtualenvs/omg-badges-lvNWWO3C/lib/python3.8/site-packages/django/db/models/query.py", line 923, in _filter_or_exclude
    clone.query.add_q(Q(*args, **kwargs))
  File "/root/.local/share/virtualenvs/omg-badges-lvNWWO3C/lib/python3.8/site-packages/django/db/models/sql/query.py", line 1351, in add_q
    clause, _ = self._add_q(q_object, self.used_aliases)
  File "/root/.local/share/virtualenvs/omg-badges-lvNWWO3C/lib/python3.8/site-packages/django/db/models/sql/query.py", line 1378, in _add_q
    child_clause, needed_inner = self.build_filter(
  File "/root/.local/share/virtualenvs/omg-badges-lvNWWO3C/lib/python3.8/site-packages/django/db/models/sql/query.py", line 1312, in build_filter
    condition = self.build_lookup(lookups, col, value)
  File "/root/.local/share/virtualenvs/omg-badges-lvNWWO3C/lib/python3.8/site-packages/django/db/models/sql/query.py", line 1166, in build_lookup
    lookup = lookup_class(lhs, rhs)
  File "/root/.local/share/virtualenvs/omg-badges-lvNWWO3C/lib/python3.8/site-packages/django/db/models/lookups.py", line 22, in __init__
    self.rhs = self.get_prep_lookup()
  File "/root/.local/share/virtualenvs/omg-badges-lvNWWO3C/lib/python3.8/site-packages/django/db/models/lookups.py", line 72, in get_prep_lookup
    return self.lhs.output_field.get_prep_value(self.rhs)
  File "/root/.local/share/virtualenvs/omg-badges-lvNWWO3C/lib/python3.8/site-packages/django/db/models/fields/__init__.py", line 2297, in get_prep_value
    return self.to_python(value)
  File "/root/.local/share/virtualenvs/omg-badges-lvNWWO3C/lib/python3.8/site-packages/django/db/models/fields/__init__.py", line 2315, in to_python
    raise exceptions.ValidationError(
django.core.exceptions.ValidationError: ['“null” is not a valid UUID.']
[24/Sep/2020 15:51:12] "GET /api/badges/collection/null/ HTTP/1.0" 500 21301
[24/Sep/2020 15:51:27] "GET /api/badges/collection/null HTTP/1.0" 301 0
Internal Server Error: /api/badges/collection/null/
Traceback (most recent call last):
  File "/root/.local/share/virtualenvs/omg-badges-lvNWWO3C/lib/python3.8/site-packages/django/db/models/fields/__init__.py", line 2313, in to_python
    return uuid.UUID(**{input_form: value})
  File "/usr/lib/python3.8/uuid.py", line 169, in __init__
    raise ValueError('badly formed hexadecimal UUID string')
ValueError: badly formed hexadecimal UUID string

During handling of the above exception, another exception occurred:

Traceback (most recent call last):
  File "/root/.local/share/virtualenvs/omg-badges-lvNWWO3C/lib/python3.8/site-packages/django/core/handlers/exception.py", line 34, in inner
    response = get_response(request)
  File "/root/.local/share/virtualenvs/omg-badges-lvNWWO3C/lib/python3.8/site-packages/django/core/handlers/base.py", line 115, in _get_response
    response = self.process_exception_by_middleware(e, request)
  File "/root/.local/share/virtualenvs/omg-badges-lvNWWO3C/lib/python3.8/site-packages/django/core/handlers/base.py", line 113, in _get_response
    response = wrapped_callback(request, *callback_args, **callback_kwargs)
  File "/root/.local/share/virtualenvs/omg-badges-lvNWWO3C/lib/python3.8/site-packages/django/views/decorators/csrf.py", line 54, in wrapped_view
    return view_func(*args, **kwargs)
  File "/root/.local/share/virtualenvs/omg-badges-lvNWWO3C/lib/python3.8/site-packages/django/views/generic/base.py", line 71, in view
    return self.dispatch(request, *args, **kwargs)
  File "/root/.local/share/virtualenvs/omg-badges-lvNWWO3C/lib/python3.8/site-packages/rest_framework/views.py", line 505, in dispatch
    response = self.handle_exception(exc)
  File "/root/.local/share/virtualenvs/omg-badges-lvNWWO3C/lib/python3.8/site-packages/rest_framework/views.py", line 465, in handle_exception
    self.raise_uncaught_exception(exc)
  File "/root/.local/share/virtualenvs/omg-badges-lvNWWO3C/lib/python3.8/site-packages/rest_framework/views.py", line 476, in raise_uncaught_exception
    raise exc
  File "/root/.local/share/virtualenvs/omg-badges-lvNWWO3C/lib/python3.8/site-packages/rest_framework/views.py", line 502, in dispatch
    response = handler(request, *args, **kwargs)
  File "/home/omg-badges/badges/views.py", line 105, in get
    obj = get_object_or_404(Profile, pk=uid)
  File "/root/.local/share/virtualenvs/omg-badges-lvNWWO3C/lib/python3.8/site-packages/django/shortcuts.py", line 76, in get_object_or_404
    return queryset.get(*args, **kwargs)
  File "/root/.local/share/virtualenvs/omg-badges-lvNWWO3C/lib/python3.8/site-packages/django/db/models/query.py", line 404, in get
    clone = self._chain() if self.query.combinator else self.filter(*args, **kwargs)
  File "/root/.local/share/virtualenvs/omg-badges-lvNWWO3C/lib/python3.8/site-packages/django/db/models/query.py", line 904, in filter
    return self._filter_or_exclude(False, *args, **kwargs)
  File "/root/.local/share/virtualenvs/omg-badges-lvNWWO3C/lib/python3.8/site-packages/django/db/models/query.py", line 923, in _filter_or_exclude
    clone.query.add_q(Q(*args, **kwargs))
  File "/root/.local/share/virtualenvs/omg-badges-lvNWWO3C/lib/python3.8/site-packages/django/db/models/sql/query.py", line 1351, in add_q
    clause, _ = self._add_q(q_object, self.used_aliases)
  File "/root/.local/share/virtualenvs/omg-badges-lvNWWO3C/lib/python3.8/site-packages/django/db/models/sql/query.py", line 1378, in _add_q
    child_clause, needed_inner = self.build_filter(
  File "/root/.local/share/virtualenvs/omg-badges-lvNWWO3C/lib/python3.8/site-packages/django/db/models/sql/query.py", line 1312, in build_filter
    condition = self.build_lookup(lookups, col, value)
  File "/root/.local/share/virtualenvs/omg-badges-lvNWWO3C/lib/python3.8/site-packages/django/db/models/sql/query.py", line 1166, in build_lookup
    lookup = lookup_class(lhs, rhs)
  File "/root/.local/share/virtualenvs/omg-badges-lvNWWO3C/lib/python3.8/site-packages/django/db/models/lookups.py", line 22, in __init__
    self.rhs = self.get_prep_lookup()
  File "/root/.local/share/virtualenvs/omg-badges-lvNWWO3C/lib/python3.8/site-packages/django/db/models/lookups.py", line 72, in get_prep_lookup
    return self.lhs.output_field.get_prep_value(self.rhs)
  File "/root/.local/share/virtualenvs/omg-badges-lvNWWO3C/lib/python3.8/site-packages/django/db/models/fields/__init__.py", line 2297, in get_prep_value
    return self.to_python(value)
  File "/root/.local/share/virtualenvs/omg-badges-lvNWWO3C/lib/python3.8/site-packages/django/db/models/fields/__init__.py", line 2315, in to_python
    raise exceptions.ValidationError(
django.core.exceptions.ValidationError: ['“null” is not a valid UUID.']
[24/Sep/2020 15:51:27] "GET /api/badges/collection/null/ HTTP/1.0" 500 21301
[24/Sep/2020 15:51:57] "OPTIONS /api/auth/convert-token HTTP/1.0" 200 0
[24/Sep/2020 15:51:57] "POST /api/auth/convert-token HTTP/1.0" 200 160
[24/Sep/2020 15:51:57] "OPTIONS /api/sessions HTTP/1.0" 200 0
[24/Sep/2020 15:51:58] "GET /api/sessions HTTP/1.0" 200 61
[24/Sep/2020 15:54:04] "OPTIONS /api/auth/convert-token HTTP/1.0" 200 0
[24/Sep/2020 15:54:05] "POST /api/auth/convert-token HTTP/1.0" 200 160
[24/Sep/2020 15:54:05] "OPTIONS /api/sessions HTTP/1.0" 200 0
[24/Sep/2020 15:54:05] "GET /api/sessions HTTP/1.0" 200 61
[24/Sep/2020 15:56:30] "OPTIONS /api/auth/convert-token HTTP/1.0" 200 0
[24/Sep/2020 15:56:30] "POST /api/auth/convert-token HTTP/1.0" 200 160
[24/Sep/2020 15:56:31] "OPTIONS /api/sessions HTTP/1.0" 200 0
[24/Sep/2020 15:56:31] "GET /api/sessions HTTP/1.0" 200 61
[24/Sep/2020 16:00:23] "OPTIONS /api/auth/convert-token HTTP/1.0" 200 0
[24/Sep/2020 16:00:23] "POST /api/auth/convert-token HTTP/1.0" 200 160
[24/Sep/2020 16:00:24] "OPTIONS /api/sessions HTTP/1.0" 200 0
[24/Sep/2020 16:00:24] "GET /api/badges/collection/c7e2a87b-83ac-4b8f-822d-cf2bc5bacd48 HTTP/1.0" 301 0
[24/Sep/2020 16:00:24] "GET /api/badges/collection/c7e2a87b-83ac-4b8f-822d-cf2bc5bacd48/ HTTP/1.0" 200 102
[24/Sep/2020 16:00:24] "GET /api/sessions HTTP/1.0" 200 61
[24/Sep/2020 16:04:08] "GET /api/badges/collection/c7e2a87b-83ac-4b8f-822d-cf2bc5bacd48 HTTP/1.0" 301 0
[24/Sep/2020 16:04:08] "GET /api/badges/collection/c7e2a87b-83ac-4b8f-822d-cf2bc5bacd48/ HTTP/1.0" 200 102
[24/Sep/2020 16:16:16] "OPTIONS /api/auth/convert-token HTTP/1.0" 200 0
[24/Sep/2020 16:16:16] "POST /api/auth/convert-token HTTP/1.0" 200 160
[24/Sep/2020 16:16:17] "OPTIONS /api/sessions HTTP/1.0" 200 0
[24/Sep/2020 16:16:17] "GET /api/sessions HTTP/1.0" 200 61
[24/Sep/2020 16:16:44] "GET /api/badges/collection/c7e2a87b-83ac-4b8f-822d-cf2bc5bacd48 HTTP/1.0" 301 0
[24/Sep/2020 16:16:44] "GET /api/badges/collection/c7e2a87b-83ac-4b8f-822d-cf2bc5bacd48/ HTTP/1.0" 200 102
[24/Sep/2020 16:16:53] "GET /api/badges/collection/c7e2a87b-83ac-4b8f-822d-cf2bc5bacd48 HTTP/1.0" 301 0
[24/Sep/2020 16:16:53] "GET /api/badges/collection/c7e2a87b-83ac-4b8f-822d-cf2bc5bacd48/ HTTP/1.0" 200 102
[24/Sep/2020 16:17:50] "OPTIONS /api/auth/convert-token HTTP/1.0" 200 0
[24/Sep/2020 16:17:50] "POST /api/auth/convert-token HTTP/1.0" 200 160
[24/Sep/2020 16:17:50] "OPTIONS /api/sessions HTTP/1.0" 200 0
[24/Sep/2020 16:17:51] "GET /api/sessions HTTP/1.0" 200 61
[24/Sep/2020 16:19:22] "GET /api/badges/collection/c7e2a87b-83ac-4b8f-822d-cf2bc5bacd48 HTTP/1.0" 301 0
[24/Sep/2020 16:19:22] "GET /api/badges/collection/c7e2a87b-83ac-4b8f-822d-cf2bc5bacd48/ HTTP/1.0" 200 102
[24/Sep/2020 16:19:49] "OPTIONS /api/auth/convert-token HTTP/1.0" 200 0
[24/Sep/2020 16:19:49] "POST /api/auth/convert-token HTTP/1.0" 200 160
[24/Sep/2020 16:19:50] "OPTIONS /api/sessions HTTP/1.0" 200 0
[24/Sep/2020 16:19:50] "GET /api/sessions HTTP/1.0" 200 61
[24/Sep/2020 16:20:35] "GET /api/badges/collection/c7e2a87b-83ac-4b8f-822d-cf2bc5bacd48 HTTP/1.0" 301 0
[24/Sep/2020 16:20:35] "GET /api/badges/collection/c7e2a87b-83ac-4b8f-822d-cf2bc5bacd48/ HTTP/1.0" 200 102
[24/Sep/2020 16:21:00] "OPTIONS /api/auth/convert-token HTTP/1.0" 200 0
[24/Sep/2020 16:21:01] "POST /api/auth/convert-token HTTP/1.0" 200 160
[24/Sep/2020 16:21:01] "OPTIONS /api/sessions HTTP/1.0" 200 0
[24/Sep/2020 16:21:01] "GET /api/sessions HTTP/1.0" 200 61
[24/Sep/2020 16:21:01] "GET /api/badges/collection/c7e2a87b-83ac-4b8f-822d-cf2bc5bacd48 HTTP/1.0" 301 0
[24/Sep/2020 16:21:01] "GET /api/badges/collection/c7e2a87b-83ac-4b8f-822d-cf2bc5bacd48/ HTTP/1.0" 200 102
[24/Sep/2020 16:21:12] "GET /api/badges/collection/c7e2a87b-83ac-4b8f-822d-cf2bc5bacd48 HTTP/1.0" 301 0
[24/Sep/2020 16:21:12] "GET /api/badges/collection/c7e2a87b-83ac-4b8f-822d-cf2bc5bacd48/ HTTP/1.0" 200 102
[24/Sep/2020 16:21:15] "GET /api/badges/collection/c7e2a87b-83ac-4b8f-822d-cf2bc5bacd48 HTTP/1.0" 301 0
[24/Sep/2020 16:21:15] "GET /api/badges/collection/c7e2a87b-83ac-4b8f-822d-cf2bc5bacd48/ HTTP/1.0" 200 102
[24/Sep/2020 16:26:42] "GET /api/badges/collection/c7e2a87b-83ac-4b8f-822d-cf2bc5bacd48 HTTP/1.0" 301 0
[24/Sep/2020 16:26:42] "GET /api/badges/collection/c7e2a87b-83ac-4b8f-822d-cf2bc5bacd48/ HTTP/1.0" 200 102
[24/Sep/2020 16:28:16] "OPTIONS /api/auth/convert-token HTTP/1.0" 200 0
[24/Sep/2020 16:28:16] "POST /api/auth/convert-token HTTP/1.0" 200 160
[24/Sep/2020 16:28:16] "OPTIONS /api/sessions HTTP/1.0" 200 0
[24/Sep/2020 16:28:16] "GET /api/sessions HTTP/1.0" 200 61
[24/Sep/2020 16:28:17] "GET /api/badges/collection/c7e2a87b-83ac-4b8f-822d-cf2bc5bacd48 HTTP/1.0" 301 0
[24/Sep/2020 16:28:17] "GET /api/badges/collection/c7e2a87b-83ac-4b8f-822d-cf2bc5bacd48/ HTTP/1.0" 200 102
[24/Sep/2020 16:29:17] "OPTIONS /api/auth/convert-token HTTP/1.0" 200 0
[24/Sep/2020 16:29:17] "POST /api/auth/convert-token HTTP/1.0" 200 160
[24/Sep/2020 16:29:17] "OPTIONS /api/sessions HTTP/1.0" 200 0
[24/Sep/2020 16:29:18] "GET /api/sessions HTTP/1.0" 200 61
[24/Sep/2020 16:29:18] "GET /api/badges/collection/89a2f789-1dba-4b44-b946-70f91e5fbde6 HTTP/1.0" 301 0
Not Found: /api/badges/collection/89a2f789-1dba-4b44-b946-70f91e5fbde6/
[24/Sep/2020 16:29:18] "GET /api/badges/collection/89a2f789-1dba-4b44-b946-70f91e5fbde6/ HTTP/1.0" 404 31
[24/Sep/2020 16:29:39] "GET /api/badges/collection/89a2f789-1dba-4b44-b946-70f91e5fbde6 HTTP/1.0" 301 0
Not Found: /api/badges/collection/89a2f789-1dba-4b44-b946-70f91e5fbde6/
[24/Sep/2020 16:29:39] "GET /api/badges/collection/89a2f789-1dba-4b44-b946-70f91e5fbde6/ HTTP/1.0" 404 31
[24/Sep/2020 16:29:53] "GET /api/badges/collection/89a2f789-1dba-4b44-b946-70f91e5fbde6 HTTP/1.0" 301 0
Not Found: /api/badges/collection/89a2f789-1dba-4b44-b946-70f91e5fbde6/
[24/Sep/2020 16:29:54] "GET /api/badges/collection/89a2f789-1dba-4b44-b946-70f91e5fbde6/ HTTP/1.0" 404 31
[24/Sep/2020 16:29:59] "GET /api/badges/collection/89a2f789-1dba-4b44-b946-70f91e5fbde6 HTTP/1.0" 301 0
Not Found: /api/badges/collection/89a2f789-1dba-4b44-b946-70f91e5fbde6/
[24/Sep/2020 16:29:59] "GET /api/badges/collection/89a2f789-1dba-4b44-b946-70f91e5fbde6/ HTTP/1.0" 404 31
Not Found: /config/getuser
[24/Sep/2020 16:30:04] "GET /config/getuser?index=0 HTTP/1.0" 404 2449
[24/Sep/2020 16:30:49] "GET /api/badges/collection/89a2f789-1dba-4b44-b946-70f91e5fbde6 HTTP/1.0" 301 0
Not Found: /api/badges/collection/89a2f789-1dba-4b44-b946-70f91e5fbde6/
[24/Sep/2020 16:30:49] "GET /api/badges/collection/89a2f789-1dba-4b44-b946-70f91e5fbde6/ HTTP/1.0" 404 31
Not Found: /
[24/Sep/2020 16:30:55] "GET / HTTP/1.0" 404 2381
Not Found: /
[24/Sep/2020 16:30:56] "GET / HTTP/1.0" 404 2381
[24/Sep/2020 16:39:24] "OPTIONS /api/auth/convert-token HTTP/1.0" 200 0
[24/Sep/2020 16:39:24] "POST /api/auth/convert-token HTTP/1.0" 200 160
[24/Sep/2020 16:39:25] "OPTIONS /api/sessions HTTP/1.0" 200 0
[24/Sep/2020 16:39:25] "GET /api/sessions HTTP/1.0" 200 61
[24/Sep/2020 16:39:25] "GET /api/badges/collection/c7e2a87b-83ac-4b8f-822d-cf2bc5bacd48 HTTP/1.0" 301 0
[24/Sep/2020 16:39:25] "GET /api/badges/collection/c7e2a87b-83ac-4b8f-822d-cf2bc5bacd48/ HTTP/1.0" 200 102
[24/Sep/2020 16:40:49] "GET /api/badges/collection/c7e2a87b-83ac-4b8f-822d-cf2bc5bacd48 HTTP/1.0" 301 0
[24/Sep/2020 16:40:49] "GET /api/badges/collection/c7e2a87b-83ac-4b8f-822d-cf2bc5bacd48/ HTTP/1.0" 200 102
[24/Sep/2020 16:41:31] "POST /api/badges HTTP/1.0" 201 77
[24/Sep/2020 16:43:08] "GET /api/sessions/collection/c7e2a87b-83ac-4b8f-822d-cf2bc5bacd48 HTTP/1.0" 301 0
Not Found: /api/sessions/collection/c7e2a87b-83ac-4b8f-822d-cf2bc5bacd48/
[24/Sep/2020 16:43:09] "GET /api/sessions/collection/c7e2a87b-83ac-4b8f-822d-cf2bc5bacd48/ HTTP/1.0" 404 5888
[24/Sep/2020 16:43:25] "GET /api/badges/collection/c7e2a87b-83ac-4b8f-822d-cf2bc5bacd48/ HTTP/1.0" 200 6112
[24/Sep/2020 16:45:02] "GET /api/badges/collection/c7e2a87b-83ac-4b8f-822d-cf2bc5bacd48 HTTP/1.0" 301 0
[24/Sep/2020 16:45:02] "GET /api/badges/collection/c7e2a87b-83ac-4b8f-822d-cf2bc5bacd48/ HTTP/1.0" 200 102
[24/Sep/2020 16:48:12] "GET /api/badges/collection/c7e2a87b-83ac-4b8f-822d-cf2bc5bacd48 HTTP/1.0" 301 0
[24/Sep/2020 16:48:12] "GET /api/badges/collection/c7e2a87b-83ac-4b8f-822d-cf2bc5bacd48/ HTTP/1.0" 200 102
[24/Sep/2020 16:48:16] "GET /api/badges/collection/c7e2a87b-83ac-4b8f-822d-cf2bc5bacd48 HTTP/1.0" 301 0
[24/Sep/2020 16:48:17] "GET /api/badges/collection/c7e2a87b-83ac-4b8f-822d-cf2bc5bacd48/ HTTP/1.0" 200 102
[24/Sep/2020 16:48:26] "GET /api/badges/collection/c7e2a87b-83ac-4b8f-822d-cf2bc5bacd48 HTTP/1.0" 301 0
[24/Sep/2020 16:48:27] "GET /api/badges/collection/c7e2a87b-83ac-4b8f-822d-cf2bc5bacd48/ HTTP/1.0" 200 102
[24/Sep/2020 16:48:47] "GET /api/badges/collection/c7e2a87b-83ac-4b8f-822d-cf2bc5bacd48 HTTP/1.0" 301 0
[24/Sep/2020 16:48:47] "GET /api/badges/collection/c7e2a87b-83ac-4b8f-822d-cf2bc5bacd48/ HTTP/1.0" 200 102
[24/Sep/2020 16:50:53] "GET /admin/badges HTTP/1.0" 301 0
[24/Sep/2020 16:50:53] "GET /admin/badges/ HTTP/1.0" 200 2895
[24/Sep/2020 16:50:56] "GET /admin/badges/badge/add/ HTTP/1.0" 200 5744
[24/Sep/2020 16:50:56] "GET /admin/jsi18n/ HTTP/1.0" 200 3223
[24/Sep/2020 16:51:26] "GET /admin/badges/badge/add/ HTTP/1.0" 200 5744
[24/Sep/2020 16:52:47] "POST /admin/badges/badge/add/ HTTP/1.0" 302 0
[24/Sep/2020 16:52:48] "GET /admin/badges/badge/ HTTP/1.0" 200 6424
[24/Sep/2020 16:52:48] "GET /admin/jsi18n/ HTTP/1.0" 200 3223
[24/Sep/2020 16:52:49] "GET /media/badge/party_blob.gif HTTP/1.0" 200 85253
[24/Sep/2020 16:52:54] "GET /admin/ HTTP/1.0" 200 8984
[24/Sep/2020 16:52:58] "GET /admin/badges/personbadge/ HTTP/1.0" 200 5271
[24/Sep/2020 16:52:59] "GET /admin/jsi18n/ HTTP/1.0" 200 3223
[24/Sep/2020 16:53:00] "GET /admin/badges/personbadge/1/change/ HTTP/1.0" 200 6332
[24/Sep/2020 16:53:01] "GET /admin/jsi18n/ HTTP/1.0" 200 3223
[24/Sep/2020 16:53:06] "GET /admin/badges/badge/add/?_to_field=badgeId&_popup=1 HTTP/1.0" 200 4801
[24/Sep/2020 16:53:06] "GET /admin/jsi18n/ HTTP/1.0" 200 3223
[24/Sep/2020 16:53:15] "POST /admin/badges/personbadge/1/change/ HTTP/1.0" 302 0
[24/Sep/2020 16:53:15] "GET /admin/badges/personbadge/ HTTP/1.0" 200 5469
[24/Sep/2020 16:53:15] "GET /admin/jsi18n/ HTTP/1.0" 200 3223
[24/Sep/2020 16:53:38] "OPTIONS /api/auth/convert-token HTTP/1.0" 200 0
[24/Sep/2020 16:53:38] "POST /api/auth/convert-token HTTP/1.0" 200 160
[24/Sep/2020 16:53:39] "OPTIONS /api/sessions HTTP/1.0" 200 0
[24/Sep/2020 16:53:39] "GET /api/sessions HTTP/1.0" 200 61
[24/Sep/2020 16:53:39] "GET /api/badges/collection/c7e2a87b-83ac-4b8f-822d-cf2bc5bacd48 HTTP/1.0" 301 0
[24/Sep/2020 16:53:39] "GET /api/badges/collection/c7e2a87b-83ac-4b8f-822d-cf2bc5bacd48/ HTTP/1.0" 200 185
[24/Sep/2020 16:54:35] "GET /api/badges/collection/c7e2a87b-83ac-4b8f-822d-cf2bc5bacd48 HTTP/1.0" 301 0
[24/Sep/2020 16:54:35] "GET /api/badges/collection/c7e2a87b-83ac-4b8f-822d-cf2bc5bacd48/ HTTP/1.0" 200 185
[24/Sep/2020 16:54:39] "GET /api/badges/collection/c7e2a87b-83ac-4b8f-822d-cf2bc5bacd48 HTTP/1.0" 301 0
[24/Sep/2020 16:54:39] "GET /api/badges/collection/c7e2a87b-83ac-4b8f-822d-cf2bc5bacd48/ HTTP/1.0" 200 185
[24/Sep/2020 16:58:57] "OPTIONS /api/auth/convert-token HTTP/1.0" 200 0
[24/Sep/2020 16:58:57] "POST /api/auth/convert-token HTTP/1.0" 200 160
[24/Sep/2020 16:58:57] "OPTIONS /api/sessions HTTP/1.0" 200 0
[24/Sep/2020 16:58:57] "GET /api/sessions HTTP/1.0" 200 61
[24/Sep/2020 16:58:58] "GET /api/badges/collection/5a713076-13a5-4222-a7b3-d0e3b563363a HTTP/1.0" 301 0
Not Found: /api/badges/collection/5a713076-13a5-4222-a7b3-d0e3b563363a/
[24/Sep/2020 16:58:58] "GET /api/badges/collection/5a713076-13a5-4222-a7b3-d0e3b563363a/ HTTP/1.0" 404 31
[24/Sep/2020 16:59:03] "GET /admin/badges/personbadge/ HTTP/1.0" 200 5271
[24/Sep/2020 16:59:03] "GET /admin/jsi18n/ HTTP/1.0" 200 3223
[24/Sep/2020 16:59:06] "GET /admin/badges/personbadge/add/ HTTP/1.0" 200 6160
[24/Sep/2020 16:59:06] "GET /admin/jsi18n/ HTTP/1.0" 200 3223
[24/Sep/2020 16:59:14] "POST /admin/badges/personbadge/add/ HTTP/1.0" 302 0
[24/Sep/2020 16:59:14] "GET /admin/badges/personbadge/ HTTP/1.0" 200 5970
[24/Sep/2020 16:59:15] "GET /admin/jsi18n/ HTTP/1.0" 200 3223
[24/Sep/2020 16:59:50] "GET /api/badges/collection/5a713076-13a5-4222-a7b3-d0e3b563363a HTTP/1.0" 301 0
[24/Sep/2020 16:59:50] "GET /api/badges/collection/5a713076-13a5-4222-a7b3-d0e3b563363a/ HTTP/1.0" 200 124
